[2024-05-31T09:16:53.521+0000] {local_task_job_runner.py:120} INFO - ::group::Pre task execution logs
[2024-05-31T09:16:53.536+0000] {taskinstance.py:2076} INFO - Dependencies all met for dep_context=non-requeueable deps ti=<TaskInstance: f1_data_pipeline_taskflow.load_data manual__2024-05-31T09:16:19.811824+00:00 [queued]>
[2024-05-31T09:16:53.540+0000] {taskinstance.py:2076} INFO - Dependencies all met for dep_context=requeueable deps ti=<TaskInstance: f1_data_pipeline_taskflow.load_data manual__2024-05-31T09:16:19.811824+00:00 [queued]>
[2024-05-31T09:16:53.541+0000] {taskinstance.py:2306} INFO - Starting attempt 1 of 1
[2024-05-31T09:16:53.548+0000] {taskinstance.py:2330} INFO - Executing <Task(_PythonDecoratedOperator): load_data> on 2024-05-31 09:16:19.811824+00:00
[2024-05-31T09:16:53.553+0000] {warnings.py:110} WARNING - /home/***/.local/lib/python3.12/site-packages/***/task/task_runner/standard_task_runner.py:61: DeprecationWarning: This process (pid=283) is multi-threaded, use of fork() may lead to deadlocks in the child.
  pid = os.fork()

[2024-05-31T09:16:53.554+0000] {standard_task_runner.py:63} INFO - Started process 285 to run task
[2024-05-31T09:16:53.554+0000] {standard_task_runner.py:90} INFO - Running: ['***', 'tasks', 'run', 'f1_data_pipeline_taskflow', 'load_data', 'manual__2024-05-31T09:16:19.811824+00:00', '--job-id', '10', '--raw', '--subdir', 'DAGS_FOLDER/etl_dag.py', '--cfg-path', '/tmp/tmplddk3two']
[2024-05-31T09:16:53.555+0000] {standard_task_runner.py:91} INFO - Job 10: Subtask load_data
[2024-05-31T09:16:53.585+0000] {task_command.py:426} INFO - Running <TaskInstance: f1_data_pipeline_taskflow.load_data manual__2024-05-31T09:16:19.811824+00:00 [running]> on host b277d7b6eaf3
[2024-05-31T09:16:53.682+0000] {taskinstance.py:2648} INFO - Exporting env vars: AIRFLOW_CTX_DAG_OWNER='***' AIRFLOW_CTX_DAG_ID='f1_data_pipeline_taskflow' AIRFLOW_CTX_TASK_ID='load_data' AIRFLOW_CTX_EXECUTION_DATE='2024-05-31T09:16:19.811824+00:00' AIRFLOW_CTX_TRY_NUMBER='1' AIRFLOW_CTX_DAG_RUN_ID='manual__2024-05-31T09:16:19.811824+00:00'
[2024-05-31T09:16:53.683+0000] {taskinstance.py:430} INFO - ::endgroup::
[2024-05-31T09:16:53.689+0000] {base.py:84} INFO - Using connection ID 'sourcedb_connection' for task execution.
[2024-05-31T09:16:53.703+0000] {taskinstance.py:441} INFO - ::group::Post task execution logs
[2024-05-31T09:16:53.703+0000] {taskinstance.py:2905} ERROR - Task failed with exception
Traceback (most recent call last):
  File "/home/airflow/.local/lib/python3.12/site-packages/sqlalchemy/engine/base.py", line 1890, in _execute_context
    self.dialect.do_executemany(
  File "/home/airflow/.local/lib/python3.12/site-packages/sqlalchemy/dialects/postgresql/psycopg2.py", line 982, in do_executemany
    context._psycopg2_fetched_rows = xtras.execute_values(
                                     ^^^^^^^^^^^^^^^^^^^^^
  File "/home/airflow/.local/lib/python3.12/site-packages/psycopg2/extras.py", line 1299, in execute_values
    cur.execute(b''.join(parts))
psycopg2.errors.UndefinedColumn: column "nationality" of relation "constructorDim" does not exist
LINE 1: ...name, nationality_constructors, url_constructors, nationalit...
                                                             ^


The above exception was the direct cause of the following exception:

Traceback (most recent call last):
  File "/home/airflow/.local/lib/python3.12/site-packages/airflow/models/taskinstance.py", line 465, in _execute_task
    result = _execute_callable(context=context, **execute_callable_kwargs)
             ^^^^^^^^^^^^^^^^^^^^^^^^^^^^^^^^^^^^^^^^^^^^^^^^^^^^^^^^^^^^^
  File "/home/airflow/.local/lib/python3.12/site-packages/airflow/models/taskinstance.py", line 432, in _execute_callable
    return execute_callable(context=context, **execute_callable_kwargs)
           ^^^^^^^^^^^^^^^^^^^^^^^^^^^^^^^^^^^^^^^^^^^^^^^^^^^^^^^^^^^^
  File "/home/airflow/.local/lib/python3.12/site-packages/airflow/models/baseoperator.py", line 400, in wrapper
    return func(self, *args, **kwargs)
           ^^^^^^^^^^^^^^^^^^^^^^^^^^^
  File "/home/airflow/.local/lib/python3.12/site-packages/airflow/decorators/base.py", line 265, in execute
    return_value = super().execute(context)
                   ^^^^^^^^^^^^^^^^^^^^^^^^
  File "/home/airflow/.local/lib/python3.12/site-packages/airflow/models/baseoperator.py", line 400, in wrapper
    return func(self, *args, **kwargs)
           ^^^^^^^^^^^^^^^^^^^^^^^^^^^
  File "/home/airflow/.local/lib/python3.12/site-packages/airflow/operators/python.py", line 235, in execute
    return_value = self.execute_callable()
                   ^^^^^^^^^^^^^^^^^^^^^^^
  File "/home/airflow/.local/lib/python3.12/site-packages/airflow/operators/python.py", line 252, in execute_callable
    return self.python_callable(*self.op_args, **self.op_kwargs)
           ^^^^^^^^^^^^^^^^^^^^^^^^^^^^^^^^^^^^^^^^^^^^^^^^^^^^^
  File "/opt/airflow/dags/etl_dag.py", line 80, in load_data
    df.to_sql(table_name, engine, if_exists='append', index=False)
  File "/home/airflow/.local/lib/python3.12/site-packages/pandas/util/_decorators.py", line 333, in wrapper
    return func(*args, **kwargs)
           ^^^^^^^^^^^^^^^^^^^^^
  File "/home/airflow/.local/lib/python3.12/site-packages/pandas/core/generic.py", line 3008, in to_sql
    return sql.to_sql(
           ^^^^^^^^^^^
  File "/home/airflow/.local/lib/python3.12/site-packages/pandas/io/sql.py", line 788, in to_sql
    return pandas_sql.to_sql(
           ^^^^^^^^^^^^^^^^^^
  File "/home/airflow/.local/lib/python3.12/site-packages/pandas/io/sql.py", line 1958, in to_sql
    total_inserted = sql_engine.insert_records(
                     ^^^^^^^^^^^^^^^^^^^^^^^^^^
  File "/home/airflow/.local/lib/python3.12/site-packages/pandas/io/sql.py", line 1507, in insert_records
    raise err
  File "/home/airflow/.local/lib/python3.12/site-packages/pandas/io/sql.py", line 1498, in insert_records
    return table.insert(chunksize=chunksize, method=method)
           ^^^^^^^^^^^^^^^^^^^^^^^^^^^^^^^^^^^^^^^^^^^^^^^^
  File "/home/airflow/.local/lib/python3.12/site-packages/pandas/io/sql.py", line 1059, in insert
    num_inserted = exec_insert(conn, keys, chunk_iter)
                   ^^^^^^^^^^^^^^^^^^^^^^^^^^^^^^^^^^^
  File "/home/airflow/.local/lib/python3.12/site-packages/pandas/io/sql.py", line 951, in _execute_insert
    result = conn.execute(self.table.insert(), data)
             ^^^^^^^^^^^^^^^^^^^^^^^^^^^^^^^^^^^^^^^
  File "/home/airflow/.local/lib/python3.12/site-packages/sqlalchemy/engine/base.py", line 1385, in execute
    return meth(self, multiparams, params, _EMPTY_EXECUTION_OPTS)
           ^^^^^^^^^^^^^^^^^^^^^^^^^^^^^^^^^^^^^^^^^^^^^^^^^^^^^^
  File "/home/airflow/.local/lib/python3.12/site-packages/sqlalchemy/sql/elements.py", line 334, in _execute_on_connection
    return connection._execute_clauseelement(
           ^^^^^^^^^^^^^^^^^^^^^^^^^^^^^^^^^^
  File "/home/airflow/.local/lib/python3.12/site-packages/sqlalchemy/engine/base.py", line 1577, in _execute_clauseelement
    ret = self._execute_context(
          ^^^^^^^^^^^^^^^^^^^^^^
  File "/home/airflow/.local/lib/python3.12/site-packages/sqlalchemy/engine/base.py", line 1953, in _execute_context
    self._handle_dbapi_exception(
  File "/home/airflow/.local/lib/python3.12/site-packages/sqlalchemy/engine/base.py", line 2134, in _handle_dbapi_exception
    util.raise_(
  File "/home/airflow/.local/lib/python3.12/site-packages/sqlalchemy/util/compat.py", line 211, in raise_
    raise exception
  File "/home/airflow/.local/lib/python3.12/site-packages/sqlalchemy/engine/base.py", line 1890, in _execute_context
    self.dialect.do_executemany(
  File "/home/airflow/.local/lib/python3.12/site-packages/sqlalchemy/dialects/postgresql/psycopg2.py", line 982, in do_executemany
    context._psycopg2_fetched_rows = xtras.execute_values(
                                     ^^^^^^^^^^^^^^^^^^^^^
  File "/home/airflow/.local/lib/python3.12/site-packages/psycopg2/extras.py", line 1299, in execute_values
    cur.execute(b''.join(parts))
sqlalchemy.exc.ProgrammingError: (psycopg2.errors.UndefinedColumn) column "nationality" of relation "constructorDim" does not exist
LINE 1: ...name, nationality_constructors, url_constructors, nationalit...
                                                             ^

[SQL: INSERT INTO "constructorDim" ("constructorId", "constructorRef", name, nationality_constructors, url_constructors, nationality, code, number, url) VALUES (%(constructorId)s, %(constructorRef)s, %(name)s, %(nationality_constructors)s, %(url_constructors)s, %(nationality)s, %(code)s, %(number)s, %(url)s)]
[parameters: ({'constructorId': 1, 'constructorRef': 'mclaren', 'name': 'McLaren', 'nationality_constructors': 'British', 'url_constructors': 'http://en.wikipedia.org/wiki/McLaren', 'nationality': 'British', 'code': 'BUT', 'number': 3, 'url': 'http://en.wikipedia.org/wiki/Jenson_Button'}, {'constructorId': 1, 'constructorRef': 'mclaren', 'name': 'McLaren', 'nationality_constructors': 'British', 'url_constructors': 'http://en.wikipedia.org/wiki/McLaren', 'nationality': 'British', 'code': 'HAM', 'number': 4, 'url': 'http://en.wikipedia.org/wiki/Lewis_Hamilton'}, {'constructorId': 1, 'constructorRef': 'mclaren', 'name': 'McLaren', 'nationality_constructors': 'British', 'url_constructors': 'http://en.wikipedia.org/wiki/McLaren', 'nationality': 'British', 'code': 'BUT', 'number': 5, 'url': 'http://en.wikipedia.org/wiki/Jenson_Button'}, {'constructorId': 1, 'constructorRef': 'mclaren', 'name': 'McLaren', 'nationality_constructors': 'British', 'url_constructors': 'http://en.wikipedia.org/wiki/McLaren', 'nationality': 'Mexican', 'code': 'PER', 'number': 6, 'url': 'http://en.wikipedia.org/wiki/Sergio_P%C3%A9rez'}, {'constructorId': 1, 'constructorRef': 'mclaren', 'name': 'McLaren', 'nationality_constructors': 'British', 'url_constructors': 'http://en.wikipedia.org/wiki/McLaren', 'nationality': 'British', 'code': 'BUT', 'number': 22, 'url': 'http://en.wikipedia.org/wiki/Jenson_Button'}, {'constructorId': 1, 'constructorRef': 'mclaren', 'name': 'McLaren', 'nationality_constructors': 'British', 'url_constructors': 'http://en.wikipedia.org/wiki/McLaren', 'nationality': 'Danish', 'code': 'MAG', 'number': 20, 'url': 'http://en.wikipedia.org/wiki/Kevin_Magnussen'}, {'constructorId': 1, 'constructorRef': 'mclaren', 'name': 'McLaren', 'nationality_constructors': 'British', 'url_constructors': 'http://en.wikipedia.org/wiki/McLaren', 'nationality': 'Spanish', 'code': 'ALO', 'number': 14, 'url': 'http://en.wikipedia.org/wiki/Fernando_Alonso'}, {'constructorId': 1, 'constructorRef': 'mclaren', 'name': 'McLaren', 'nationality_constructors': 'British', 'url_constructors': 'http://en.wikipedia.org/wiki/McLaren', 'nationality': 'Belgian', 'code': 'VAN', 'number': 2, 'url': 'http://en.wikipedia.org/wiki/Stoffel_Vandoorne'}  ... displaying 10 of 146 total bound parameter sets ...  {'constructorId': 15, 'constructorRef': 'sauber', 'name': 'Sauber', 'nationality_constructors': 'Swiss', 'url_constructors': 'http://en.wikipedia.org/wiki/Sauber', 'nationality': 'Italian', 'code': 'GIO', 'number': 36, 'url': 'http://en.wikipedia.org/wiki/Antonio_Giovinazzi'}, {'constructorId': 3, 'constructorRef': 'williams', 'name': 'Williams', 'nationality_constructors': 'British', 'url_constructors': 'http://en.wikipedia.org/wiki/Williams_Grand_Prix_Engineering', 'nationality': 'British', 'code': 'DIR', 'number': 40, 'url': 'http://en.wikipedia.org/wiki/Paul_di_Resta'})]
(Background on this error at: https://sqlalche.me/e/14/f405)
[2024-05-31T09:16:53.713+0000] {taskinstance.py:1206} INFO - Marking task as FAILED. dag_id=f1_data_pipeline_taskflow, task_id=load_data, run_id=manual__2024-05-31T09:16:19.811824+00:00, execution_date=20240531T091619, start_date=20240531T091653, end_date=20240531T091653
[2024-05-31T09:16:53.721+0000] {standard_task_runner.py:110} ERROR - Failed to execute job 10 for task load_data ((psycopg2.errors.UndefinedColumn) column "nationality" of relation "constructorDim" does not exist
LINE 1: ...name, nationality_constructors, url_constructors, nationalit...
                                                             ^

[SQL: INSERT INTO "constructorDim" ("constructorId", "constructorRef", name, nationality_constructors, url_constructors, nationality, code, number, url) VALUES (%(constructorId)s, %(constructorRef)s, %(name)s, %(nationality_constructors)s, %(url_constructors)s, %(nationality)s, %(code)s, %(number)s, %(url)s)]
[parameters: ({'constructorId': 1, 'constructorRef': 'mclaren', 'name': 'McLaren', 'nationality_constructors': 'British', 'url_constructors': 'http://en.wikipedia.org/wiki/McLaren', 'nationality': 'British', 'code': 'BUT', 'number': 3, 'url': 'http://en.wikipedia.org/wiki/Jenson_Button'}, {'constructorId': 1, 'constructorRef': 'mclaren', 'name': 'McLaren', 'nationality_constructors': 'British', 'url_constructors': 'http://en.wikipedia.org/wiki/McLaren', 'nationality': 'British', 'code': 'HAM', 'number': 4, 'url': 'http://en.wikipedia.org/wiki/Lewis_Hamilton'}, {'constructorId': 1, 'constructorRef': 'mclaren', 'name': 'McLaren', 'nationality_constructors': 'British', 'url_constructors': 'http://en.wikipedia.org/wiki/McLaren', 'nationality': 'British', 'code': 'BUT', 'number': 5, 'url': 'http://en.wikipedia.org/wiki/Jenson_Button'}, {'constructorId': 1, 'constructorRef': 'mclaren', 'name': 'McLaren', 'nationality_constructors': 'British', 'url_constructors': 'http://en.wikipedia.org/wiki/McLaren', 'nationality': 'Mexican', 'code': 'PER', 'number': 6, 'url': 'http://en.wikipedia.org/wiki/Sergio_P%C3%A9rez'}, {'constructorId': 1, 'constructorRef': 'mclaren', 'name': 'McLaren', 'nationality_constructors': 'British', 'url_constructors': 'http://en.wikipedia.org/wiki/McLaren', 'nationality': 'British', 'code': 'BUT', 'number': 22, 'url': 'http://en.wikipedia.org/wiki/Jenson_Button'}, {'constructorId': 1, 'constructorRef': 'mclaren', 'name': 'McLaren', 'nationality_constructors': 'British', 'url_constructors': 'http://en.wikipedia.org/wiki/McLaren', 'nationality': 'Danish', 'code': 'MAG', 'number': 20, 'url': 'http://en.wikipedia.org/wiki/Kevin_Magnussen'}, {'constructorId': 1, 'constructorRef': 'mclaren', 'name': 'McLaren', 'nationality_constructors': 'British', 'url_constructors': 'http://en.wikipedia.org/wiki/McLaren', 'nationality': 'Spanish', 'code': 'ALO', 'number': 14, 'url': 'http://en.wikipedia.org/wiki/Fernando_Alonso'}, {'constructorId': 1, 'constructorRef': 'mclaren', 'name': 'McLaren', 'nationality_constructors': 'British', 'url_constructors': 'http://en.wikipedia.org/wiki/McLaren', 'nationality': 'Belgian', 'code': 'VAN', 'number': 2, 'url': 'http://en.wikipedia.org/wiki/Stoffel_Vandoorne'}  ... displaying 10 of 146 total bound parameter sets ...  {'constructorId': 15, 'constructorRef': 'sauber', 'name': 'Sauber', 'nationality_constructors': 'Swiss', 'url_constructors': 'http://en.wikipedia.org/wiki/Sauber', 'nationality': 'Italian', 'code': 'GIO', 'number': 36, 'url': 'http://en.wikipedia.org/wiki/Antonio_Giovinazzi'}, {'constructorId': 3, 'constructorRef': 'williams', 'name': 'Williams', 'nationality_constructors': 'British', 'url_constructors': 'http://en.wikipedia.org/wiki/Williams_Grand_Prix_Engineering', 'nationality': 'British', 'code': 'DIR', 'number': 40, 'url': 'http://en.wikipedia.org/wiki/Paul_di_Resta'})]
(Background on this error at: https://sqlalche.me/e/14/f405); 285)
[2024-05-31T09:16:53.727+0000] {local_task_job_runner.py:240} INFO - Task exited with return code 1
[2024-05-31T09:16:53.737+0000] {taskinstance.py:3498} INFO - 0 downstream tasks scheduled from follow-on schedule check
[2024-05-31T09:16:53.739+0000] {local_task_job_runner.py:222} INFO - ::endgroup::
