[2024-06-13T08:00:47.753+0000] {local_task_job_runner.py:120} INFO - ::group::Pre task execution logs
[2024-06-13T08:00:47.771+0000] {taskinstance.py:2076} INFO - Dependencies all met for dep_context=non-requeueable deps ti=<TaskInstance: f1_data_pipeline_taskflow_with_kafka.fetch_and_publish_driver scheduled__2024-06-12T00:00:00+00:00 [queued]>
[2024-06-13T08:00:47.777+0000] {taskinstance.py:2076} INFO - Dependencies all met for dep_context=requeueable deps ti=<TaskInstance: f1_data_pipeline_taskflow_with_kafka.fetch_and_publish_driver scheduled__2024-06-12T00:00:00+00:00 [queued]>
[2024-06-13T08:00:47.777+0000] {taskinstance.py:2306} INFO - Starting attempt 1 of 1
[2024-06-13T08:00:47.785+0000] {taskinstance.py:2330} INFO - Executing <Task(_PythonDecoratedOperator): fetch_and_publish_driver> on 2024-06-12 00:00:00+00:00
[2024-06-13T08:00:47.790+0000] {warnings.py:110} WARNING - /home/***/.local/lib/python3.12/site-packages/***/task/task_runner/standard_task_runner.py:61: DeprecationWarning: This process (pid=750) is multi-threaded, use of fork() may lead to deadlocks in the child.
  pid = os.fork()

[2024-06-13T08:00:47.791+0000] {standard_task_runner.py:63} INFO - Started process 758 to run task
[2024-06-13T08:00:47.792+0000] {standard_task_runner.py:90} INFO - Running: ['***', 'tasks', 'run', 'f1_data_pipeline_taskflow_with_kafka', 'fetch_and_publish_driver', 'scheduled__2024-06-12T00:00:00+00:00', '--job-id', '33', '--raw', '--subdir', 'DAGS_FOLDER/kafka_data_scrape.py', '--cfg-path', '/tmp/tmpkfrl3kmq']
[2024-06-13T08:00:47.793+0000] {standard_task_runner.py:91} INFO - Job 33: Subtask fetch_and_publish_driver
[2024-06-13T08:00:47.828+0000] {task_command.py:426} INFO - Running <TaskInstance: f1_data_pipeline_taskflow_with_kafka.fetch_and_publish_driver scheduled__2024-06-12T00:00:00+00:00 [running]> on host 2af4b76eb3c8
[2024-06-13T08:00:47.884+0000] {taskinstance.py:2648} INFO - Exporting env vars: AIRFLOW_CTX_DAG_OWNER='***' AIRFLOW_CTX_DAG_ID='f1_data_pipeline_taskflow_with_kafka' AIRFLOW_CTX_TASK_ID='fetch_and_publish_driver' AIRFLOW_CTX_EXECUTION_DATE='2024-06-12T00:00:00+00:00' AIRFLOW_CTX_TRY_NUMBER='1' AIRFLOW_CTX_DAG_RUN_ID='scheduled__2024-06-12T00:00:00+00:00'
[2024-06-13T08:00:47.885+0000] {taskinstance.py:430} INFO - ::endgroup::
[2024-06-13T08:00:48.066+0000] {logging_mixin.py:188} INFO - tried to find producer
[2024-06-13T08:00:48.068+0000] {conn.py:362} INFO - <BrokerConnection node_id=bootstrap-0 host=kafka:9092 <connecting> [IPv4 ('172.31.0.6', 9092)]>: connecting to kafka:9092 [('172.31.0.6', 9092) IPv4]
[2024-06-13T08:00:48.069+0000] {conn.py:957} INFO - Probing node bootstrap-0 broker version
[2024-06-13T08:00:48.069+0000] {conn.py:393} INFO - <BrokerConnection node_id=bootstrap-0 host=kafka:9092 <connecting> [IPv4 ('172.31.0.6', 9092)]>: Connection complete.
[2024-06-13T08:00:48.509+0000] {conn.py:1019} INFO - Broker version identified as 2.6.0
[2024-06-13T08:00:48.510+0000] {conn.py:1020} INFO - Set configuration api_version=(2, 6, 0) to skip auto check_version requests on startup
[2024-06-13T08:00:48.663+0000] {conn.py:362} INFO - <BrokerConnection node_id=1 host=kafka:9092 <connecting> [IPv4 ('172.31.0.6', 9092)]>: connecting to kafka:9092 [('172.31.0.6', 9092) IPv4]
[2024-06-13T08:00:48.663+0000] {conn.py:393} INFO - <BrokerConnection node_id=1 host=kafka:9092 <connecting> [IPv4 ('172.31.0.6', 9092)]>: Connection complete.
[2024-06-13T08:00:48.664+0000] {conn.py:673} INFO - <BrokerConnection node_id=bootstrap-0 host=kafka:9092 <connected> [IPv4 ('172.31.0.6', 9092)]>: Closing connection. 
[2024-06-13T08:00:49.233+0000] {kafka.py:486} INFO - Closing the Kafka producer with 9223372036.0 secs timeout.
[2024-06-13T08:00:49.388+0000] {conn.py:673} INFO - <BrokerConnection node_id=1 host=kafka:9092 <connected> [IPv4 ('172.31.0.6', 9092)]>: Closing connection. 
[2024-06-13T08:00:49.389+0000] {python.py:237} INFO - Done. Returned value was: None
[2024-06-13T08:00:49.389+0000] {taskinstance.py:441} INFO - ::group::Post task execution logs
[2024-06-13T08:00:49.397+0000] {taskinstance.py:1206} INFO - Marking task as SUCCESS. dag_id=f1_data_pipeline_taskflow_with_kafka, task_id=fetch_and_publish_driver, run_id=scheduled__2024-06-12T00:00:00+00:00, execution_date=20240612T000000, start_date=20240613T080047, end_date=20240613T080049
[2024-06-13T08:00:49.449+0000] {local_task_job_runner.py:240} INFO - Task exited with return code 0
[2024-06-13T08:00:49.462+0000] {taskinstance.py:3498} INFO - 1 downstream tasks scheduled from follow-on schedule check
[2024-06-13T08:00:49.463+0000] {local_task_job_runner.py:222} INFO - ::endgroup::
[2024-06-13T08:44:12.341+0000] {local_task_job_runner.py:120} INFO - ::group::Pre task execution logs
[2024-06-13T08:44:12.357+0000] {taskinstance.py:2076} INFO - Dependencies all met for dep_context=non-requeueable deps ti=<TaskInstance: f1_data_pipeline_taskflow_with_kafka.fetch_and_publish_driver scheduled__2024-06-12T00:00:00+00:00 [queued]>
[2024-06-13T08:44:12.362+0000] {taskinstance.py:2076} INFO - Dependencies all met for dep_context=requeueable deps ti=<TaskInstance: f1_data_pipeline_taskflow_with_kafka.fetch_and_publish_driver scheduled__2024-06-12T00:00:00+00:00 [queued]>
[2024-06-13T08:44:12.363+0000] {taskinstance.py:2306} INFO - Starting attempt 1 of 1
[2024-06-13T08:44:12.372+0000] {taskinstance.py:2330} INFO - Executing <Task(_PythonDecoratedOperator): fetch_and_publish_driver> on 2024-06-12 00:00:00+00:00
[2024-06-13T08:44:12.377+0000] {warnings.py:110} WARNING - /home/***/.local/lib/python3.12/site-packages/***/task/task_runner/standard_task_runner.py:61: DeprecationWarning: This process (pid=90) is multi-threaded, use of fork() may lead to deadlocks in the child.
  pid = os.fork()

[2024-06-13T08:44:12.380+0000] {standard_task_runner.py:63} INFO - Started process 103 to run task
[2024-06-13T08:44:12.382+0000] {standard_task_runner.py:90} INFO - Running: ['***', 'tasks', 'run', 'f1_data_pipeline_taskflow_with_kafka', 'fetch_and_publish_driver', 'scheduled__2024-06-12T00:00:00+00:00', '--job-id', '6', '--raw', '--subdir', 'DAGS_FOLDER/kafka_data_scrape.py', '--cfg-path', '/tmp/tmp9ue6j7f5']
[2024-06-13T08:44:12.385+0000] {standard_task_runner.py:91} INFO - Job 6: Subtask fetch_and_publish_driver
[2024-06-13T08:44:12.427+0000] {task_command.py:426} INFO - Running <TaskInstance: f1_data_pipeline_taskflow_with_kafka.fetch_and_publish_driver scheduled__2024-06-12T00:00:00+00:00 [running]> on host c97498906c69
[2024-06-13T08:44:12.498+0000] {taskinstance.py:2648} INFO - Exporting env vars: AIRFLOW_CTX_DAG_OWNER='***' AIRFLOW_CTX_DAG_ID='f1_data_pipeline_taskflow_with_kafka' AIRFLOW_CTX_TASK_ID='fetch_and_publish_driver' AIRFLOW_CTX_EXECUTION_DATE='2024-06-12T00:00:00+00:00' AIRFLOW_CTX_TRY_NUMBER='1' AIRFLOW_CTX_DAG_RUN_ID='scheduled__2024-06-12T00:00:00+00:00'
[2024-06-13T08:44:12.499+0000] {taskinstance.py:430} INFO - ::endgroup::
[2024-06-13T08:44:14.888+0000] {logging_mixin.py:188} INFO - tried to find producer
[2024-06-13T08:44:14.890+0000] {conn.py:362} INFO - <BrokerConnection node_id=bootstrap-0 host=kafka:9092 <connecting> [IPv4 ('192.168.0.6', 9092)]>: connecting to kafka:9092 [('192.168.0.6', 9092) IPv4]
[2024-06-13T08:44:14.891+0000] {conn.py:957} INFO - Probing node bootstrap-0 broker version
[2024-06-13T08:44:14.891+0000] {conn.py:393} INFO - <BrokerConnection node_id=bootstrap-0 host=kafka:9092 <connecting> [IPv4 ('192.168.0.6', 9092)]>: Connection complete.
[2024-06-13T08:44:14.994+0000] {conn.py:1019} INFO - Broker version identified as 2.6.0
[2024-06-13T08:44:14.994+0000] {conn.py:1020} INFO - Set configuration api_version=(2, 6, 0) to skip auto check_version requests on startup
[2024-06-13T08:44:15.148+0000] {conn.py:362} INFO - <BrokerConnection node_id=1 host=kafka:9092 <connecting> [IPv4 ('192.168.0.6', 9092)]>: connecting to kafka:9092 [('192.168.0.6', 9092) IPv4]
[2024-06-13T08:44:15.149+0000] {conn.py:393} INFO - <BrokerConnection node_id=1 host=kafka:9092 <connecting> [IPv4 ('192.168.0.6', 9092)]>: Connection complete.
[2024-06-13T08:44:15.149+0000] {conn.py:673} INFO - <BrokerConnection node_id=bootstrap-0 host=kafka:9092 <connected> [IPv4 ('192.168.0.6', 9092)]>: Closing connection. 
[2024-06-13T08:44:15.262+0000] {kafka.py:486} INFO - Closing the Kafka producer with 9223372036.0 secs timeout.
[2024-06-13T08:44:15.269+0000] {conn.py:673} INFO - <BrokerConnection node_id=1 host=kafka:9092 <connected> [IPv4 ('192.168.0.6', 9092)]>: Closing connection. 
[2024-06-13T08:44:15.270+0000] {python.py:237} INFO - Done. Returned value was: None
[2024-06-13T08:44:15.270+0000] {taskinstance.py:441} INFO - ::group::Post task execution logs
[2024-06-13T08:44:15.278+0000] {taskinstance.py:1206} INFO - Marking task as SUCCESS. dag_id=f1_data_pipeline_taskflow_with_kafka, task_id=fetch_and_publish_driver, run_id=scheduled__2024-06-12T00:00:00+00:00, execution_date=20240612T000000, start_date=20240613T084412, end_date=20240613T084415
[2024-06-13T08:44:15.323+0000] {local_task_job_runner.py:240} INFO - Task exited with return code 0
[2024-06-13T08:44:15.339+0000] {taskinstance.py:3498} INFO - 1 downstream tasks scheduled from follow-on schedule check
[2024-06-13T08:44:15.340+0000] {local_task_job_runner.py:222} INFO - ::endgroup::
[2024-06-13T09:21:00.133+0000] {local_task_job_runner.py:120} INFO - ::group::Pre task execution logs
[2024-06-13T09:21:00.148+0000] {taskinstance.py:2076} INFO - Dependencies all met for dep_context=non-requeueable deps ti=<TaskInstance: f1_data_pipeline_taskflow_with_kafka.fetch_and_publish_driver scheduled__2024-06-12T00:00:00+00:00 [queued]>
[2024-06-13T09:21:00.153+0000] {taskinstance.py:2076} INFO - Dependencies all met for dep_context=requeueable deps ti=<TaskInstance: f1_data_pipeline_taskflow_with_kafka.fetch_and_publish_driver scheduled__2024-06-12T00:00:00+00:00 [queued]>
[2024-06-13T09:21:00.153+0000] {taskinstance.py:2306} INFO - Starting attempt 1 of 1
[2024-06-13T09:21:00.163+0000] {taskinstance.py:2330} INFO - Executing <Task(_PythonDecoratedOperator): fetch_and_publish_driver> on 2024-06-12 00:00:00+00:00
[2024-06-13T09:21:00.168+0000] {warnings.py:110} WARNING - /home/***/.local/lib/python3.12/site-packages/***/task/task_runner/standard_task_runner.py:61: DeprecationWarning: This process (pid=590) is multi-threaded, use of fork() may lead to deadlocks in the child.
  pid = os.fork()

[2024-06-13T09:21:00.170+0000] {standard_task_runner.py:63} INFO - Started process 599 to run task
[2024-06-13T09:21:00.170+0000] {standard_task_runner.py:90} INFO - Running: ['***', 'tasks', 'run', 'f1_data_pipeline_taskflow_with_kafka', 'fetch_and_publish_driver', 'scheduled__2024-06-12T00:00:00+00:00', '--job-id', '34', '--raw', '--subdir', 'DAGS_FOLDER/kafka_data_scrape.py', '--cfg-path', '/tmp/tmp85dv1l8h']
[2024-06-13T09:21:00.171+0000] {standard_task_runner.py:91} INFO - Job 34: Subtask fetch_and_publish_driver
[2024-06-13T09:21:00.208+0000] {task_command.py:426} INFO - Running <TaskInstance: f1_data_pipeline_taskflow_with_kafka.fetch_and_publish_driver scheduled__2024-06-12T00:00:00+00:00 [running]> on host a1ac73387874
[2024-06-13T09:21:00.266+0000] {taskinstance.py:2648} INFO - Exporting env vars: AIRFLOW_CTX_DAG_OWNER='***' AIRFLOW_CTX_DAG_ID='f1_data_pipeline_taskflow_with_kafka' AIRFLOW_CTX_TASK_ID='fetch_and_publish_driver' AIRFLOW_CTX_EXECUTION_DATE='2024-06-12T00:00:00+00:00' AIRFLOW_CTX_TRY_NUMBER='1' AIRFLOW_CTX_DAG_RUN_ID='scheduled__2024-06-12T00:00:00+00:00'
[2024-06-13T09:21:00.267+0000] {taskinstance.py:430} INFO - ::endgroup::
[2024-06-13T09:21:00.457+0000] {logging_mixin.py:188} INFO - tried to find producer
[2024-06-13T09:21:00.459+0000] {conn.py:362} INFO - <BrokerConnection node_id=bootstrap-0 host=kafka:9092 <connecting> [IPv4 ('192.168.32.6', 9092)]>: connecting to kafka:9092 [('192.168.32.6', 9092) IPv4]
[2024-06-13T09:21:00.459+0000] {conn.py:957} INFO - Probing node bootstrap-0 broker version
[2024-06-13T09:21:00.460+0000] {conn.py:393} INFO - <BrokerConnection node_id=bootstrap-0 host=kafka:9092 <connecting> [IPv4 ('192.168.32.6', 9092)]>: Connection complete.
[2024-06-13T09:21:00.819+0000] {conn.py:1019} INFO - Broker version identified as 2.6.0
[2024-06-13T09:21:00.819+0000] {conn.py:1020} INFO - Set configuration api_version=(2, 6, 0) to skip auto check_version requests on startup
[2024-06-13T09:21:00.973+0000] {conn.py:362} INFO - <BrokerConnection node_id=1 host=kafka:9092 <connecting> [IPv4 ('192.168.32.6', 9092)]>: connecting to kafka:9092 [('192.168.32.6', 9092) IPv4]
[2024-06-13T09:21:00.974+0000] {conn.py:393} INFO - <BrokerConnection node_id=1 host=kafka:9092 <connecting> [IPv4 ('192.168.32.6', 9092)]>: Connection complete.
[2024-06-13T09:21:00.975+0000] {conn.py:673} INFO - <BrokerConnection node_id=bootstrap-0 host=kafka:9092 <connected> [IPv4 ('192.168.32.6', 9092)]>: Closing connection. 
[2024-06-13T09:21:01.655+0000] {kafka.py:486} INFO - Closing the Kafka producer with 9223372036.0 secs timeout.
[2024-06-13T09:21:01.774+0000] {conn.py:673} INFO - <BrokerConnection node_id=1 host=kafka:9092 <connected> [IPv4 ('192.168.32.6', 9092)]>: Closing connection. 
[2024-06-13T09:21:01.775+0000] {python.py:237} INFO - Done. Returned value was: None
[2024-06-13T09:21:01.775+0000] {taskinstance.py:441} INFO - ::group::Post task execution logs
[2024-06-13T09:21:01.783+0000] {taskinstance.py:1206} INFO - Marking task as SUCCESS. dag_id=f1_data_pipeline_taskflow_with_kafka, task_id=fetch_and_publish_driver, run_id=scheduled__2024-06-12T00:00:00+00:00, execution_date=20240612T000000, start_date=20240613T092100, end_date=20240613T092101
[2024-06-13T09:21:01.828+0000] {local_task_job_runner.py:240} INFO - Task exited with return code 0
[2024-06-13T09:21:01.835+0000] {local_task_job_runner.py:222} INFO - ::endgroup::
[2024-06-13T09:45:27.166+0000] {local_task_job_runner.py:120} INFO - ::group::Pre task execution logs
[2024-06-13T09:45:27.182+0000] {taskinstance.py:2076} INFO - Dependencies all met for dep_context=non-requeueable deps ti=<TaskInstance: f1_data_pipeline_taskflow_with_kafka.fetch_and_publish_driver scheduled__2024-06-12T00:00:00+00:00 [queued]>
[2024-06-13T09:45:27.186+0000] {taskinstance.py:2076} INFO - Dependencies all met for dep_context=requeueable deps ti=<TaskInstance: f1_data_pipeline_taskflow_with_kafka.fetch_and_publish_driver scheduled__2024-06-12T00:00:00+00:00 [queued]>
[2024-06-13T09:45:27.187+0000] {taskinstance.py:2306} INFO - Starting attempt 1 of 1
[2024-06-13T09:45:27.196+0000] {taskinstance.py:2330} INFO - Executing <Task(_PythonDecoratedOperator): fetch_and_publish_driver> on 2024-06-12 00:00:00+00:00
[2024-06-13T09:45:27.201+0000] {warnings.py:110} WARNING - /home/***/.local/lib/python3.12/site-packages/***/task/task_runner/standard_task_runner.py:61: DeprecationWarning: This process (pid=637) is multi-threaded, use of fork() may lead to deadlocks in the child.
  pid = os.fork()

[2024-06-13T09:45:27.202+0000] {standard_task_runner.py:63} INFO - Started process 645 to run task
[2024-06-13T09:45:27.203+0000] {standard_task_runner.py:90} INFO - Running: ['***', 'tasks', 'run', 'f1_data_pipeline_taskflow_with_kafka', 'fetch_and_publish_driver', 'scheduled__2024-06-12T00:00:00+00:00', '--job-id', '33', '--raw', '--subdir', 'DAGS_FOLDER/kafka_data_scrape.py', '--cfg-path', '/tmp/tmp0i86wuz5']
[2024-06-13T09:45:27.204+0000] {standard_task_runner.py:91} INFO - Job 33: Subtask fetch_and_publish_driver
[2024-06-13T09:45:27.245+0000] {task_command.py:426} INFO - Running <TaskInstance: f1_data_pipeline_taskflow_with_kafka.fetch_and_publish_driver scheduled__2024-06-12T00:00:00+00:00 [running]> on host 765a3094118c
[2024-06-13T09:45:27.305+0000] {taskinstance.py:2648} INFO - Exporting env vars: AIRFLOW_CTX_DAG_OWNER='***' AIRFLOW_CTX_DAG_ID='f1_data_pipeline_taskflow_with_kafka' AIRFLOW_CTX_TASK_ID='fetch_and_publish_driver' AIRFLOW_CTX_EXECUTION_DATE='2024-06-12T00:00:00+00:00' AIRFLOW_CTX_TRY_NUMBER='1' AIRFLOW_CTX_DAG_RUN_ID='scheduled__2024-06-12T00:00:00+00:00'
[2024-06-13T09:45:27.306+0000] {taskinstance.py:430} INFO - ::endgroup::
[2024-06-13T09:45:29.162+0000] {logging_mixin.py:188} INFO - tried to find producer
[2024-06-13T09:45:29.164+0000] {conn.py:362} INFO - <BrokerConnection node_id=bootstrap-0 host=kafka:9092 <connecting> [IPv4 ('192.168.48.6', 9092)]>: connecting to kafka:9092 [('192.168.48.6', 9092) IPv4]
[2024-06-13T09:45:29.164+0000] {conn.py:957} INFO - Probing node bootstrap-0 broker version
[2024-06-13T09:45:29.165+0000] {conn.py:393} INFO - <BrokerConnection node_id=bootstrap-0 host=kafka:9092 <connecting> [IPv4 ('192.168.48.6', 9092)]>: Connection complete.
[2024-06-13T09:45:29.268+0000] {conn.py:1019} INFO - Broker version identified as 2.6.0
[2024-06-13T09:45:29.268+0000] {conn.py:1020} INFO - Set configuration api_version=(2, 6, 0) to skip auto check_version requests on startup
[2024-06-13T09:45:29.422+0000] {conn.py:362} INFO - <BrokerConnection node_id=1 host=kafka:9092 <connecting> [IPv4 ('192.168.48.6', 9092)]>: connecting to kafka:9092 [('192.168.48.6', 9092) IPv4]
[2024-06-13T09:45:29.422+0000] {conn.py:393} INFO - <BrokerConnection node_id=1 host=kafka:9092 <connecting> [IPv4 ('192.168.48.6', 9092)]>: Connection complete.
[2024-06-13T09:45:29.423+0000] {conn.py:673} INFO - <BrokerConnection node_id=bootstrap-0 host=kafka:9092 <connected> [IPv4 ('192.168.48.6', 9092)]>: Closing connection. 
[2024-06-13T09:45:29.535+0000] {kafka.py:486} INFO - Closing the Kafka producer with 9223372036.0 secs timeout.
[2024-06-13T09:45:29.540+0000] {conn.py:673} INFO - <BrokerConnection node_id=1 host=kafka:9092 <connected> [IPv4 ('192.168.48.6', 9092)]>: Closing connection. 
[2024-06-13T09:45:29.541+0000] {python.py:237} INFO - Done. Returned value was: None
[2024-06-13T09:45:29.541+0000] {taskinstance.py:441} INFO - ::group::Post task execution logs
[2024-06-13T09:45:29.548+0000] {taskinstance.py:1206} INFO - Marking task as SUCCESS. dag_id=f1_data_pipeline_taskflow_with_kafka, task_id=fetch_and_publish_driver, run_id=scheduled__2024-06-12T00:00:00+00:00, execution_date=20240612T000000, start_date=20240613T094527, end_date=20240613T094529
[2024-06-13T09:45:29.584+0000] {local_task_job_runner.py:240} INFO - Task exited with return code 0
[2024-06-13T09:45:29.597+0000] {taskinstance.py:3498} INFO - 1 downstream tasks scheduled from follow-on schedule check
[2024-06-13T09:45:29.599+0000] {local_task_job_runner.py:222} INFO - ::endgroup::
[2024-06-13T09:56:26.176+0000] {local_task_job_runner.py:120} INFO - ::group::Pre task execution logs
[2024-06-13T09:56:26.202+0000] {taskinstance.py:2076} INFO - Dependencies all met for dep_context=non-requeueable deps ti=<TaskInstance: f1_data_pipeline_taskflow_with_kafka.fetch_and_publish_driver scheduled__2024-06-12T00:00:00+00:00 [queued]>
[2024-06-13T09:56:26.212+0000] {taskinstance.py:2076} INFO - Dependencies all met for dep_context=requeueable deps ti=<TaskInstance: f1_data_pipeline_taskflow_with_kafka.fetch_and_publish_driver scheduled__2024-06-12T00:00:00+00:00 [queued]>
[2024-06-13T09:56:26.212+0000] {taskinstance.py:2306} INFO - Starting attempt 1 of 1
[2024-06-13T09:56:26.225+0000] {taskinstance.py:2330} INFO - Executing <Task(_PythonDecoratedOperator): fetch_and_publish_driver> on 2024-06-12 00:00:00+00:00
[2024-06-13T09:56:26.234+0000] {warnings.py:110} WARNING - /home/***/.local/lib/python3.12/site-packages/***/task/task_runner/standard_task_runner.py:61: DeprecationWarning: This process (pid=589) is multi-threaded, use of fork() may lead to deadlocks in the child.
  pid = os.fork()

[2024-06-13T09:56:26.236+0000] {standard_task_runner.py:63} INFO - Started process 598 to run task
[2024-06-13T09:56:26.237+0000] {standard_task_runner.py:90} INFO - Running: ['***', 'tasks', 'run', 'f1_data_pipeline_taskflow_with_kafka', 'fetch_and_publish_driver', 'scheduled__2024-06-12T00:00:00+00:00', '--job-id', '34', '--raw', '--subdir', 'DAGS_FOLDER/kafka_data_scrape.py', '--cfg-path', '/tmp/tmpkfqxv2e3']
[2024-06-13T09:56:26.239+0000] {standard_task_runner.py:91} INFO - Job 34: Subtask fetch_and_publish_driver
[2024-06-13T09:56:26.295+0000] {task_command.py:426} INFO - Running <TaskInstance: f1_data_pipeline_taskflow_with_kafka.fetch_and_publish_driver scheduled__2024-06-12T00:00:00+00:00 [running]> on host 611decc8aca0
[2024-06-13T09:56:26.370+0000] {taskinstance.py:2648} INFO - Exporting env vars: AIRFLOW_CTX_DAG_OWNER='***' AIRFLOW_CTX_DAG_ID='f1_data_pipeline_taskflow_with_kafka' AIRFLOW_CTX_TASK_ID='fetch_and_publish_driver' AIRFLOW_CTX_EXECUTION_DATE='2024-06-12T00:00:00+00:00' AIRFLOW_CTX_TRY_NUMBER='1' AIRFLOW_CTX_DAG_RUN_ID='scheduled__2024-06-12T00:00:00+00:00'
[2024-06-13T09:56:26.371+0000] {taskinstance.py:430} INFO - ::endgroup::
[2024-06-13T09:56:28.401+0000] {logging_mixin.py:188} INFO - tried to find producer
[2024-06-13T09:56:28.403+0000] {conn.py:362} INFO - <BrokerConnection node_id=bootstrap-0 host=kafka:9092 <connecting> [IPv4 ('192.168.64.6', 9092)]>: connecting to kafka:9092 [('192.168.64.6', 9092) IPv4]
[2024-06-13T09:56:28.404+0000] {conn.py:957} INFO - Probing node bootstrap-0 broker version
[2024-06-13T09:56:28.405+0000] {conn.py:393} INFO - <BrokerConnection node_id=bootstrap-0 host=kafka:9092 <connecting> [IPv4 ('192.168.64.6', 9092)]>: Connection complete.
[2024-06-13T09:56:28.510+0000] {conn.py:1019} INFO - Broker version identified as 2.6.0
[2024-06-13T09:56:28.510+0000] {conn.py:1020} INFO - Set configuration api_version=(2, 6, 0) to skip auto check_version requests on startup
[2024-06-13T09:56:28.665+0000] {conn.py:362} INFO - <BrokerConnection node_id=1 host=kafka:9092 <connecting> [IPv4 ('192.168.64.6', 9092)]>: connecting to kafka:9092 [('192.168.64.6', 9092) IPv4]
[2024-06-13T09:56:28.666+0000] {conn.py:393} INFO - <BrokerConnection node_id=1 host=kafka:9092 <connecting> [IPv4 ('192.168.64.6', 9092)]>: Connection complete.
[2024-06-13T09:56:28.666+0000] {conn.py:673} INFO - <BrokerConnection node_id=bootstrap-0 host=kafka:9092 <connected> [IPv4 ('192.168.64.6', 9092)]>: Closing connection. 
[2024-06-13T09:56:29.011+0000] {kafka.py:486} INFO - Closing the Kafka producer with 9223372036.0 secs timeout.
[2024-06-13T09:56:29.105+0000] {conn.py:673} INFO - <BrokerConnection node_id=1 host=kafka:9092 <connected> [IPv4 ('192.168.64.6', 9092)]>: Closing connection. 
[2024-06-13T09:56:29.106+0000] {python.py:237} INFO - Done. Returned value was: None
[2024-06-13T09:56:29.106+0000] {taskinstance.py:441} INFO - ::group::Post task execution logs
[2024-06-13T09:56:29.115+0000] {taskinstance.py:1206} INFO - Marking task as SUCCESS. dag_id=f1_data_pipeline_taskflow_with_kafka, task_id=fetch_and_publish_driver, run_id=scheduled__2024-06-12T00:00:00+00:00, execution_date=20240612T000000, start_date=20240613T095626, end_date=20240613T095629
[2024-06-13T09:56:29.140+0000] {local_task_job_runner.py:240} INFO - Task exited with return code 0
[2024-06-13T09:56:29.147+0000] {local_task_job_runner.py:222} INFO - ::endgroup::
[2024-06-13T12:23:24.282+0000] {local_task_job_runner.py:120} INFO - ::group::Pre task execution logs
[2024-06-13T12:23:24.302+0000] {taskinstance.py:2076} INFO - Dependencies all met for dep_context=non-requeueable deps ti=<TaskInstance: f1_data_pipeline_taskflow_with_kafka.fetch_and_publish_driver scheduled__2024-06-12T00:00:00+00:00 [queued]>
[2024-06-13T12:23:24.310+0000] {taskinstance.py:2076} INFO - Dependencies all met for dep_context=requeueable deps ti=<TaskInstance: f1_data_pipeline_taskflow_with_kafka.fetch_and_publish_driver scheduled__2024-06-12T00:00:00+00:00 [queued]>
[2024-06-13T12:23:24.310+0000] {taskinstance.py:2306} INFO - Starting attempt 1 of 1
[2024-06-13T12:23:24.318+0000] {taskinstance.py:2330} INFO - Executing <Task(_PythonDecoratedOperator): fetch_and_publish_driver> on 2024-06-12 00:00:00+00:00
[2024-06-13T12:23:24.324+0000] {warnings.py:110} WARNING - /home/***/.local/lib/python3.12/site-packages/***/task/task_runner/standard_task_runner.py:61: DeprecationWarning: This process (pid=582) is multi-threaded, use of fork() may lead to deadlocks in the child.
  pid = os.fork()

[2024-06-13T12:23:24.325+0000] {standard_task_runner.py:63} INFO - Started process 591 to run task
[2024-06-13T12:23:24.325+0000] {standard_task_runner.py:90} INFO - Running: ['***', 'tasks', 'run', 'f1_data_pipeline_taskflow_with_kafka', 'fetch_and_publish_driver', 'scheduled__2024-06-12T00:00:00+00:00', '--job-id', '34', '--raw', '--subdir', 'DAGS_FOLDER/kafka_data_scrape.py', '--cfg-path', '/tmp/tmp2w9l6jzs']
[2024-06-13T12:23:24.327+0000] {standard_task_runner.py:91} INFO - Job 34: Subtask fetch_and_publish_driver
[2024-06-13T12:23:24.363+0000] {task_command.py:426} INFO - Running <TaskInstance: f1_data_pipeline_taskflow_with_kafka.fetch_and_publish_driver scheduled__2024-06-12T00:00:00+00:00 [running]> on host 5dd2cf9078a8
[2024-06-13T12:23:24.425+0000] {taskinstance.py:2648} INFO - Exporting env vars: AIRFLOW_CTX_DAG_OWNER='***' AIRFLOW_CTX_DAG_ID='f1_data_pipeline_taskflow_with_kafka' AIRFLOW_CTX_TASK_ID='fetch_and_publish_driver' AIRFLOW_CTX_EXECUTION_DATE='2024-06-12T00:00:00+00:00' AIRFLOW_CTX_TRY_NUMBER='1' AIRFLOW_CTX_DAG_RUN_ID='scheduled__2024-06-12T00:00:00+00:00'
[2024-06-13T12:23:24.426+0000] {taskinstance.py:430} INFO - ::endgroup::
[2024-06-13T12:24:24.784+0000] {taskinstance.py:441} INFO - ::group::Post task execution logs
[2024-06-13T12:24:24.785+0000] {taskinstance.py:2905} ERROR - Task failed with exception
Traceback (most recent call last):
  File "/home/airflow/.local/lib/python3.12/site-packages/requests/models.py", line 971, in json
    return complexjson.loads(self.text, **kwargs)
           ^^^^^^^^^^^^^^^^^^^^^^^^^^^^^^^^^^^^^^
  File "/usr/local/lib/python3.12/json/__init__.py", line 346, in loads
    return _default_decoder.decode(s)
           ^^^^^^^^^^^^^^^^^^^^^^^^^^
  File "/usr/local/lib/python3.12/json/decoder.py", line 337, in decode
    obj, end = self.raw_decode(s, idx=_w(s, 0).end())
               ^^^^^^^^^^^^^^^^^^^^^^^^^^^^^^^^^^^^^^
  File "/usr/local/lib/python3.12/json/decoder.py", line 355, in raw_decode
    raise JSONDecodeError("Expecting value", s, err.value) from None
json.decoder.JSONDecodeError: Expecting value: line 1 column 1 (char 0)

During handling of the above exception, another exception occurred:

Traceback (most recent call last):
  File "/home/airflow/.local/lib/python3.12/site-packages/airflow/models/taskinstance.py", line 465, in _execute_task
    result = _execute_callable(context=context, **execute_callable_kwargs)
             ^^^^^^^^^^^^^^^^^^^^^^^^^^^^^^^^^^^^^^^^^^^^^^^^^^^^^^^^^^^^^
  File "/home/airflow/.local/lib/python3.12/site-packages/airflow/models/taskinstance.py", line 432, in _execute_callable
    return execute_callable(context=context, **execute_callable_kwargs)
           ^^^^^^^^^^^^^^^^^^^^^^^^^^^^^^^^^^^^^^^^^^^^^^^^^^^^^^^^^^^^
  File "/home/airflow/.local/lib/python3.12/site-packages/airflow/models/baseoperator.py", line 400, in wrapper
    return func(self, *args, **kwargs)
           ^^^^^^^^^^^^^^^^^^^^^^^^^^^
  File "/home/airflow/.local/lib/python3.12/site-packages/airflow/decorators/base.py", line 265, in execute
    return_value = super().execute(context)
                   ^^^^^^^^^^^^^^^^^^^^^^^^
  File "/home/airflow/.local/lib/python3.12/site-packages/airflow/models/baseoperator.py", line 400, in wrapper
    return func(self, *args, **kwargs)
           ^^^^^^^^^^^^^^^^^^^^^^^^^^^
  File "/home/airflow/.local/lib/python3.12/site-packages/airflow/operators/python.py", line 235, in execute
    return_value = self.execute_callable()
                   ^^^^^^^^^^^^^^^^^^^^^^^
  File "/home/airflow/.local/lib/python3.12/site-packages/airflow/operators/python.py", line 252, in execute_callable
    return self.python_callable(*self.op_args, **self.op_kwargs)
           ^^^^^^^^^^^^^^^^^^^^^^^^^^^^^^^^^^^^^^^^^^^^^^^^^^^^^
  File "/opt/airflow/dags/kafka_data_scrape.py", line 62, in fetch_and_publish_driver
    data = response.json()
           ^^^^^^^^^^^^^^^
  File "/home/airflow/.local/lib/python3.12/site-packages/requests/models.py", line 975, in json
    raise RequestsJSONDecodeError(e.msg, e.doc, e.pos)
requests.exceptions.JSONDecodeError: Expecting value: line 1 column 1 (char 0)
[2024-06-13T12:24:24.798+0000] {taskinstance.py:1206} INFO - Marking task as FAILED. dag_id=f1_data_pipeline_taskflow_with_kafka, task_id=fetch_and_publish_driver, run_id=scheduled__2024-06-12T00:00:00+00:00, execution_date=20240612T000000, start_date=20240613T122324, end_date=20240613T122424
[2024-06-13T12:24:24.819+0000] {standard_task_runner.py:110} ERROR - Failed to execute job 34 for task fetch_and_publish_driver (Expecting value: line 1 column 1 (char 0); 591)
[2024-06-13T12:24:24.850+0000] {local_task_job_runner.py:240} INFO - Task exited with return code 1
[2024-06-13T12:24:24.858+0000] {local_task_job_runner.py:222} INFO - ::endgroup::
[2024-06-13T14:20:59.842+0000] {local_task_job_runner.py:120} INFO - ::group::Pre task execution logs
[2024-06-13T14:20:59.864+0000] {taskinstance.py:2076} INFO - Dependencies all met for dep_context=non-requeueable deps ti=<TaskInstance: f1_data_pipeline_taskflow_with_kafka.fetch_and_publish_driver scheduled__2024-06-12T00:00:00+00:00 [queued]>
[2024-06-13T14:20:59.870+0000] {taskinstance.py:2076} INFO - Dependencies all met for dep_context=requeueable deps ti=<TaskInstance: f1_data_pipeline_taskflow_with_kafka.fetch_and_publish_driver scheduled__2024-06-12T00:00:00+00:00 [queued]>
[2024-06-13T14:20:59.870+0000] {taskinstance.py:2306} INFO - Starting attempt 1 of 1
[2024-06-13T14:20:59.879+0000] {taskinstance.py:2330} INFO - Executing <Task(_PythonDecoratedOperator): fetch_and_publish_driver> on 2024-06-12 00:00:00+00:00
[2024-06-13T14:20:59.886+0000] {warnings.py:110} WARNING - /home/***/.local/lib/python3.12/site-packages/***/task/task_runner/standard_task_runner.py:61: DeprecationWarning: This process (pid=591) is multi-threaded, use of fork() may lead to deadlocks in the child.
  pid = os.fork()

[2024-06-13T14:20:59.887+0000] {standard_task_runner.py:63} INFO - Started process 598 to run task
[2024-06-13T14:20:59.887+0000] {standard_task_runner.py:90} INFO - Running: ['***', 'tasks', 'run', 'f1_data_pipeline_taskflow_with_kafka', 'fetch_and_publish_driver', 'scheduled__2024-06-12T00:00:00+00:00', '--job-id', '35', '--raw', '--subdir', 'DAGS_FOLDER/kafka_data_scrape.py', '--cfg-path', '/tmp/tmpgysfkgap']
[2024-06-13T14:20:59.889+0000] {standard_task_runner.py:91} INFO - Job 35: Subtask fetch_and_publish_driver
[2024-06-13T14:20:59.926+0000] {task_command.py:426} INFO - Running <TaskInstance: f1_data_pipeline_taskflow_with_kafka.fetch_and_publish_driver scheduled__2024-06-12T00:00:00+00:00 [running]> on host 9503b7b620e4
[2024-06-13T14:20:59.985+0000] {taskinstance.py:2648} INFO - Exporting env vars: AIRFLOW_CTX_DAG_OWNER='***' AIRFLOW_CTX_DAG_ID='f1_data_pipeline_taskflow_with_kafka' AIRFLOW_CTX_TASK_ID='fetch_and_publish_driver' AIRFLOW_CTX_EXECUTION_DATE='2024-06-12T00:00:00+00:00' AIRFLOW_CTX_TRY_NUMBER='1' AIRFLOW_CTX_DAG_RUN_ID='scheduled__2024-06-12T00:00:00+00:00'
[2024-06-13T14:20:59.986+0000] {taskinstance.py:430} INFO - ::endgroup::
[2024-06-13T14:22:00.252+0000] {taskinstance.py:441} INFO - ::group::Post task execution logs
[2024-06-13T14:22:00.253+0000] {taskinstance.py:2905} ERROR - Task failed with exception
Traceback (most recent call last):
  File "/home/airflow/.local/lib/python3.12/site-packages/requests/models.py", line 971, in json
    return complexjson.loads(self.text, **kwargs)
           ^^^^^^^^^^^^^^^^^^^^^^^^^^^^^^^^^^^^^^
  File "/usr/local/lib/python3.12/json/__init__.py", line 346, in loads
    return _default_decoder.decode(s)
           ^^^^^^^^^^^^^^^^^^^^^^^^^^
  File "/usr/local/lib/python3.12/json/decoder.py", line 337, in decode
    obj, end = self.raw_decode(s, idx=_w(s, 0).end())
               ^^^^^^^^^^^^^^^^^^^^^^^^^^^^^^^^^^^^^^
  File "/usr/local/lib/python3.12/json/decoder.py", line 355, in raw_decode
    raise JSONDecodeError("Expecting value", s, err.value) from None
json.decoder.JSONDecodeError: Expecting value: line 1 column 1 (char 0)

During handling of the above exception, another exception occurred:

Traceback (most recent call last):
  File "/home/airflow/.local/lib/python3.12/site-packages/airflow/models/taskinstance.py", line 465, in _execute_task
    result = _execute_callable(context=context, **execute_callable_kwargs)
             ^^^^^^^^^^^^^^^^^^^^^^^^^^^^^^^^^^^^^^^^^^^^^^^^^^^^^^^^^^^^^
  File "/home/airflow/.local/lib/python3.12/site-packages/airflow/models/taskinstance.py", line 432, in _execute_callable
    return execute_callable(context=context, **execute_callable_kwargs)
           ^^^^^^^^^^^^^^^^^^^^^^^^^^^^^^^^^^^^^^^^^^^^^^^^^^^^^^^^^^^^
  File "/home/airflow/.local/lib/python3.12/site-packages/airflow/models/baseoperator.py", line 400, in wrapper
    return func(self, *args, **kwargs)
           ^^^^^^^^^^^^^^^^^^^^^^^^^^^
  File "/home/airflow/.local/lib/python3.12/site-packages/airflow/decorators/base.py", line 265, in execute
    return_value = super().execute(context)
                   ^^^^^^^^^^^^^^^^^^^^^^^^
  File "/home/airflow/.local/lib/python3.12/site-packages/airflow/models/baseoperator.py", line 400, in wrapper
    return func(self, *args, **kwargs)
           ^^^^^^^^^^^^^^^^^^^^^^^^^^^
  File "/home/airflow/.local/lib/python3.12/site-packages/airflow/operators/python.py", line 235, in execute
    return_value = self.execute_callable()
                   ^^^^^^^^^^^^^^^^^^^^^^^
  File "/home/airflow/.local/lib/python3.12/site-packages/airflow/operators/python.py", line 252, in execute_callable
    return self.python_callable(*self.op_args, **self.op_kwargs)
           ^^^^^^^^^^^^^^^^^^^^^^^^^^^^^^^^^^^^^^^^^^^^^^^^^^^^^
  File "/opt/airflow/dags/kafka_data_scrape.py", line 62, in fetch_and_publish_driver
    data = response.json()
           ^^^^^^^^^^^^^^^
  File "/home/airflow/.local/lib/python3.12/site-packages/requests/models.py", line 975, in json
    raise RequestsJSONDecodeError(e.msg, e.doc, e.pos)
requests.exceptions.JSONDecodeError: Expecting value: line 1 column 1 (char 0)
[2024-06-13T14:22:00.287+0000] {taskinstance.py:1206} INFO - Marking task as FAILED. dag_id=f1_data_pipeline_taskflow_with_kafka, task_id=fetch_and_publish_driver, run_id=scheduled__2024-06-12T00:00:00+00:00, execution_date=20240612T000000, start_date=20240613T142059, end_date=20240613T142200
[2024-06-13T14:22:00.295+0000] {standard_task_runner.py:110} ERROR - Failed to execute job 35 for task fetch_and_publish_driver (Expecting value: line 1 column 1 (char 0); 598)
[2024-06-13T14:22:00.301+0000] {local_task_job_runner.py:240} INFO - Task exited with return code 1
[2024-06-13T14:22:00.308+0000] {local_task_job_runner.py:222} INFO - ::endgroup::
