[2024-06-13T08:00:47.753+0000] {local_task_job_runner.py:120} INFO - ::group::Pre task execution logs
[2024-06-13T08:00:47.772+0000] {taskinstance.py:2076} INFO - Dependencies all met for dep_context=non-requeueable deps ti=<TaskInstance: f1_data_pipeline_taskflow_with_kafka.fetch_and_publish_constructor scheduled__2024-06-12T00:00:00+00:00 [queued]>
[2024-06-13T08:00:47.778+0000] {taskinstance.py:2076} INFO - Dependencies all met for dep_context=requeueable deps ti=<TaskInstance: f1_data_pipeline_taskflow_with_kafka.fetch_and_publish_constructor scheduled__2024-06-12T00:00:00+00:00 [queued]>
[2024-06-13T08:00:47.778+0000] {taskinstance.py:2306} INFO - Starting attempt 1 of 1
[2024-06-13T08:00:47.786+0000] {taskinstance.py:2330} INFO - Executing <Task(_PythonDecoratedOperator): fetch_and_publish_constructor> on 2024-06-12 00:00:00+00:00
[2024-06-13T08:00:47.791+0000] {warnings.py:110} WARNING - /home/***/.local/lib/python3.12/site-packages/***/task/task_runner/standard_task_runner.py:61: DeprecationWarning: This process (pid=753) is multi-threaded, use of fork() may lead to deadlocks in the child.
  pid = os.fork()

[2024-06-13T08:00:47.792+0000] {standard_task_runner.py:63} INFO - Started process 759 to run task
[2024-06-13T08:00:47.792+0000] {standard_task_runner.py:90} INFO - Running: ['***', 'tasks', 'run', 'f1_data_pipeline_taskflow_with_kafka', 'fetch_and_publish_constructor', 'scheduled__2024-06-12T00:00:00+00:00', '--job-id', '35', '--raw', '--subdir', 'DAGS_FOLDER/kafka_data_scrape.py', '--cfg-path', '/tmp/tmpioeykhzp']
[2024-06-13T08:00:47.794+0000] {standard_task_runner.py:91} INFO - Job 35: Subtask fetch_and_publish_constructor
[2024-06-13T08:00:47.828+0000] {task_command.py:426} INFO - Running <TaskInstance: f1_data_pipeline_taskflow_with_kafka.fetch_and_publish_constructor scheduled__2024-06-12T00:00:00+00:00 [running]> on host 2af4b76eb3c8
[2024-06-13T08:00:47.884+0000] {taskinstance.py:2648} INFO - Exporting env vars: AIRFLOW_CTX_DAG_OWNER='***' AIRFLOW_CTX_DAG_ID='f1_data_pipeline_taskflow_with_kafka' AIRFLOW_CTX_TASK_ID='fetch_and_publish_constructor' AIRFLOW_CTX_EXECUTION_DATE='2024-06-12T00:00:00+00:00' AIRFLOW_CTX_TRY_NUMBER='1' AIRFLOW_CTX_DAG_RUN_ID='scheduled__2024-06-12T00:00:00+00:00'
[2024-06-13T08:00:47.885+0000] {taskinstance.py:430} INFO - ::endgroup::
[2024-06-13T08:00:48.068+0000] {logging_mixin.py:188} INFO - tried to find producer
[2024-06-13T08:00:48.069+0000] {conn.py:362} INFO - <BrokerConnection node_id=bootstrap-0 host=kafka:9092 <connecting> [IPv4 ('172.31.0.6', 9092)]>: connecting to kafka:9092 [('172.31.0.6', 9092) IPv4]
[2024-06-13T08:00:48.070+0000] {conn.py:957} INFO - Probing node bootstrap-0 broker version
[2024-06-13T08:00:48.070+0000] {conn.py:393} INFO - <BrokerConnection node_id=bootstrap-0 host=kafka:9092 <connecting> [IPv4 ('172.31.0.6', 9092)]>: Connection complete.
[2024-06-13T08:00:48.482+0000] {conn.py:1019} INFO - Broker version identified as 2.6.0
[2024-06-13T08:00:48.482+0000] {conn.py:1020} INFO - Set configuration api_version=(2, 6, 0) to skip auto check_version requests on startup
[2024-06-13T08:00:48.636+0000] {conn.py:362} INFO - <BrokerConnection node_id=1 host=kafka:9092 <connecting> [IPv4 ('172.31.0.6', 9092)]>: connecting to kafka:9092 [('172.31.0.6', 9092) IPv4]
[2024-06-13T08:00:48.636+0000] {conn.py:393} INFO - <BrokerConnection node_id=1 host=kafka:9092 <connecting> [IPv4 ('172.31.0.6', 9092)]>: Connection complete.
[2024-06-13T08:00:48.637+0000] {conn.py:673} INFO - <BrokerConnection node_id=bootstrap-0 host=kafka:9092 <connected> [IPv4 ('172.31.0.6', 9092)]>: Closing connection. 
[2024-06-13T08:00:49.234+0000] {kafka.py:486} INFO - Closing the Kafka producer with 9223372036.0 secs timeout.
[2024-06-13T08:00:49.388+0000] {conn.py:673} INFO - <BrokerConnection node_id=1 host=kafka:9092 <connected> [IPv4 ('172.31.0.6', 9092)]>: Closing connection. 
[2024-06-13T08:00:49.388+0000] {python.py:237} INFO - Done. Returned value was: None
[2024-06-13T08:00:49.389+0000] {taskinstance.py:441} INFO - ::group::Post task execution logs
[2024-06-13T08:00:49.396+0000] {taskinstance.py:1206} INFO - Marking task as SUCCESS. dag_id=f1_data_pipeline_taskflow_with_kafka, task_id=fetch_and_publish_constructor, run_id=scheduled__2024-06-12T00:00:00+00:00, execution_date=20240612T000000, start_date=20240613T080047, end_date=20240613T080049
[2024-06-13T08:00:49.409+0000] {local_task_job_runner.py:240} INFO - Task exited with return code 0
[2024-06-13T08:00:49.423+0000] {taskinstance.py:3498} INFO - 1 downstream tasks scheduled from follow-on schedule check
[2024-06-13T08:00:49.424+0000] {local_task_job_runner.py:222} INFO - ::endgroup::
[2024-06-13T08:44:12.342+0000] {local_task_job_runner.py:120} INFO - ::group::Pre task execution logs
[2024-06-13T08:44:12.358+0000] {taskinstance.py:2076} INFO - Dependencies all met for dep_context=non-requeueable deps ti=<TaskInstance: f1_data_pipeline_taskflow_with_kafka.fetch_and_publish_constructor scheduled__2024-06-12T00:00:00+00:00 [queued]>
[2024-06-13T08:44:12.363+0000] {taskinstance.py:2076} INFO - Dependencies all met for dep_context=requeueable deps ti=<TaskInstance: f1_data_pipeline_taskflow_with_kafka.fetch_and_publish_constructor scheduled__2024-06-12T00:00:00+00:00 [queued]>
[2024-06-13T08:44:12.363+0000] {taskinstance.py:2306} INFO - Starting attempt 1 of 1
[2024-06-13T08:44:12.372+0000] {taskinstance.py:2330} INFO - Executing <Task(_PythonDecoratedOperator): fetch_and_publish_constructor> on 2024-06-12 00:00:00+00:00
[2024-06-13T08:44:12.377+0000] {warnings.py:110} WARNING - /home/***/.local/lib/python3.12/site-packages/***/task/task_runner/standard_task_runner.py:61: DeprecationWarning: This process (pid=93) is multi-threaded, use of fork() may lead to deadlocks in the child.
  pid = os.fork()

[2024-06-13T08:44:12.379+0000] {standard_task_runner.py:63} INFO - Started process 102 to run task
[2024-06-13T08:44:12.378+0000] {standard_task_runner.py:90} INFO - Running: ['***', 'tasks', 'run', 'f1_data_pipeline_taskflow_with_kafka', 'fetch_and_publish_constructor', 'scheduled__2024-06-12T00:00:00+00:00', '--job-id', '9', '--raw', '--subdir', 'DAGS_FOLDER/kafka_data_scrape.py', '--cfg-path', '/tmp/tmpbpe0tsby']
[2024-06-13T08:44:12.381+0000] {standard_task_runner.py:91} INFO - Job 9: Subtask fetch_and_publish_constructor
[2024-06-13T08:44:12.424+0000] {task_command.py:426} INFO - Running <TaskInstance: f1_data_pipeline_taskflow_with_kafka.fetch_and_publish_constructor scheduled__2024-06-12T00:00:00+00:00 [running]> on host c97498906c69
[2024-06-13T08:44:12.491+0000] {taskinstance.py:2648} INFO - Exporting env vars: AIRFLOW_CTX_DAG_OWNER='***' AIRFLOW_CTX_DAG_ID='f1_data_pipeline_taskflow_with_kafka' AIRFLOW_CTX_TASK_ID='fetch_and_publish_constructor' AIRFLOW_CTX_EXECUTION_DATE='2024-06-12T00:00:00+00:00' AIRFLOW_CTX_TRY_NUMBER='1' AIRFLOW_CTX_DAG_RUN_ID='scheduled__2024-06-12T00:00:00+00:00'
[2024-06-13T08:44:12.492+0000] {taskinstance.py:430} INFO - ::endgroup::
[2024-06-13T08:44:14.746+0000] {logging_mixin.py:188} INFO - tried to find producer
[2024-06-13T08:44:14.748+0000] {conn.py:362} INFO - <BrokerConnection node_id=bootstrap-0 host=kafka:9092 <connecting> [IPv4 ('192.168.0.6', 9092)]>: connecting to kafka:9092 [('192.168.0.6', 9092) IPv4]
[2024-06-13T08:44:14.749+0000] {conn.py:957} INFO - Probing node bootstrap-0 broker version
[2024-06-13T08:44:14.749+0000] {conn.py:393} INFO - <BrokerConnection node_id=bootstrap-0 host=kafka:9092 <connecting> [IPv4 ('192.168.0.6', 9092)]>: Connection complete.
[2024-06-13T08:44:14.853+0000] {conn.py:1019} INFO - Broker version identified as 2.6.0
[2024-06-13T08:44:14.854+0000] {conn.py:1020} INFO - Set configuration api_version=(2, 6, 0) to skip auto check_version requests on startup
[2024-06-13T08:44:15.008+0000] {conn.py:362} INFO - <BrokerConnection node_id=1 host=kafka:9092 <connecting> [IPv4 ('192.168.0.6', 9092)]>: connecting to kafka:9092 [('192.168.0.6', 9092) IPv4]
[2024-06-13T08:44:15.008+0000] {conn.py:393} INFO - <BrokerConnection node_id=1 host=kafka:9092 <connecting> [IPv4 ('192.168.0.6', 9092)]>: Connection complete.
[2024-06-13T08:44:15.009+0000] {conn.py:673} INFO - <BrokerConnection node_id=bootstrap-0 host=kafka:9092 <connected> [IPv4 ('192.168.0.6', 9092)]>: Closing connection. 
[2024-06-13T08:44:15.120+0000] {kafka.py:486} INFO - Closing the Kafka producer with 9223372036.0 secs timeout.
[2024-06-13T08:44:15.126+0000] {conn.py:673} INFO - <BrokerConnection node_id=1 host=kafka:9092 <connected> [IPv4 ('192.168.0.6', 9092)]>: Closing connection. 
[2024-06-13T08:44:15.127+0000] {python.py:237} INFO - Done. Returned value was: None
[2024-06-13T08:44:15.127+0000] {taskinstance.py:441} INFO - ::group::Post task execution logs
[2024-06-13T08:44:15.135+0000] {taskinstance.py:1206} INFO - Marking task as SUCCESS. dag_id=f1_data_pipeline_taskflow_with_kafka, task_id=fetch_and_publish_constructor, run_id=scheduled__2024-06-12T00:00:00+00:00, execution_date=20240612T000000, start_date=20240613T084412, end_date=20240613T084415
[2024-06-13T08:44:15.161+0000] {local_task_job_runner.py:240} INFO - Task exited with return code 0
[2024-06-13T08:44:15.176+0000] {taskinstance.py:3498} INFO - 1 downstream tasks scheduled from follow-on schedule check
[2024-06-13T08:44:15.178+0000] {local_task_job_runner.py:222} INFO - ::endgroup::
[2024-06-13T09:21:00.134+0000] {local_task_job_runner.py:120} INFO - ::group::Pre task execution logs
[2024-06-13T09:21:00.148+0000] {taskinstance.py:2076} INFO - Dependencies all met for dep_context=non-requeueable deps ti=<TaskInstance: f1_data_pipeline_taskflow_with_kafka.fetch_and_publish_constructor scheduled__2024-06-12T00:00:00+00:00 [queued]>
[2024-06-13T09:21:00.153+0000] {taskinstance.py:2076} INFO - Dependencies all met for dep_context=requeueable deps ti=<TaskInstance: f1_data_pipeline_taskflow_with_kafka.fetch_and_publish_constructor scheduled__2024-06-12T00:00:00+00:00 [queued]>
[2024-06-13T09:21:00.153+0000] {taskinstance.py:2306} INFO - Starting attempt 1 of 1
[2024-06-13T09:21:00.163+0000] {taskinstance.py:2330} INFO - Executing <Task(_PythonDecoratedOperator): fetch_and_publish_constructor> on 2024-06-12 00:00:00+00:00
[2024-06-13T09:21:00.168+0000] {warnings.py:110} WARNING - /home/***/.local/lib/python3.12/site-packages/***/task/task_runner/standard_task_runner.py:61: DeprecationWarning: This process (pid=587) is multi-threaded, use of fork() may lead to deadlocks in the child.
  pid = os.fork()

[2024-06-13T09:21:00.169+0000] {standard_task_runner.py:63} INFO - Started process 598 to run task
[2024-06-13T09:21:00.170+0000] {standard_task_runner.py:90} INFO - Running: ['***', 'tasks', 'run', 'f1_data_pipeline_taskflow_with_kafka', 'fetch_and_publish_constructor', 'scheduled__2024-06-12T00:00:00+00:00', '--job-id', '33', '--raw', '--subdir', 'DAGS_FOLDER/kafka_data_scrape.py', '--cfg-path', '/tmp/tmp6wqqfq3_']
[2024-06-13T09:21:00.171+0000] {standard_task_runner.py:91} INFO - Job 33: Subtask fetch_and_publish_constructor
[2024-06-13T09:21:00.208+0000] {task_command.py:426} INFO - Running <TaskInstance: f1_data_pipeline_taskflow_with_kafka.fetch_and_publish_constructor scheduled__2024-06-12T00:00:00+00:00 [running]> on host a1ac73387874
[2024-06-13T09:21:00.268+0000] {taskinstance.py:2648} INFO - Exporting env vars: AIRFLOW_CTX_DAG_OWNER='***' AIRFLOW_CTX_DAG_ID='f1_data_pipeline_taskflow_with_kafka' AIRFLOW_CTX_TASK_ID='fetch_and_publish_constructor' AIRFLOW_CTX_EXECUTION_DATE='2024-06-12T00:00:00+00:00' AIRFLOW_CTX_TRY_NUMBER='1' AIRFLOW_CTX_DAG_RUN_ID='scheduled__2024-06-12T00:00:00+00:00'
[2024-06-13T09:21:00.269+0000] {taskinstance.py:430} INFO - ::endgroup::
[2024-06-13T09:21:00.459+0000] {logging_mixin.py:188} INFO - tried to find producer
[2024-06-13T09:21:00.461+0000] {conn.py:362} INFO - <BrokerConnection node_id=bootstrap-0 host=kafka:9092 <connecting> [IPv4 ('192.168.32.6', 9092)]>: connecting to kafka:9092 [('192.168.32.6', 9092) IPv4]
[2024-06-13T09:21:00.462+0000] {conn.py:957} INFO - Probing node bootstrap-0 broker version
[2024-06-13T09:21:00.463+0000] {conn.py:393} INFO - <BrokerConnection node_id=bootstrap-0 host=kafka:9092 <connecting> [IPv4 ('192.168.32.6', 9092)]>: Connection complete.
[2024-06-13T09:21:00.819+0000] {conn.py:1019} INFO - Broker version identified as 2.6.0
[2024-06-13T09:21:00.819+0000] {conn.py:1020} INFO - Set configuration api_version=(2, 6, 0) to skip auto check_version requests on startup
[2024-06-13T09:21:00.974+0000] {conn.py:362} INFO - <BrokerConnection node_id=1 host=kafka:9092 <connecting> [IPv4 ('192.168.32.6', 9092)]>: connecting to kafka:9092 [('192.168.32.6', 9092) IPv4]
[2024-06-13T09:21:00.975+0000] {conn.py:393} INFO - <BrokerConnection node_id=1 host=kafka:9092 <connecting> [IPv4 ('192.168.32.6', 9092)]>: Connection complete.
[2024-06-13T09:21:00.975+0000] {conn.py:673} INFO - <BrokerConnection node_id=bootstrap-0 host=kafka:9092 <connected> [IPv4 ('192.168.32.6', 9092)]>: Closing connection. 
[2024-06-13T09:21:01.655+0000] {kafka.py:486} INFO - Closing the Kafka producer with 9223372036.0 secs timeout.
[2024-06-13T09:21:01.774+0000] {conn.py:673} INFO - <BrokerConnection node_id=1 host=kafka:9092 <connected> [IPv4 ('192.168.32.6', 9092)]>: Closing connection. 
[2024-06-13T09:21:01.774+0000] {python.py:237} INFO - Done. Returned value was: None
[2024-06-13T09:21:01.775+0000] {taskinstance.py:441} INFO - ::group::Post task execution logs
[2024-06-13T09:21:01.783+0000] {taskinstance.py:1206} INFO - Marking task as SUCCESS. dag_id=f1_data_pipeline_taskflow_with_kafka, task_id=fetch_and_publish_constructor, run_id=scheduled__2024-06-12T00:00:00+00:00, execution_date=20240612T000000, start_date=20240613T092100, end_date=20240613T092101
[2024-06-13T09:21:01.828+0000] {local_task_job_runner.py:240} INFO - Task exited with return code 0
[2024-06-13T09:21:01.842+0000] {taskinstance.py:3498} INFO - 1 downstream tasks scheduled from follow-on schedule check
[2024-06-13T09:21:01.843+0000] {local_task_job_runner.py:222} INFO - ::endgroup::
[2024-06-13T09:45:27.163+0000] {local_task_job_runner.py:120} INFO - ::group::Pre task execution logs
[2024-06-13T09:45:27.178+0000] {taskinstance.py:2076} INFO - Dependencies all met for dep_context=non-requeueable deps ti=<TaskInstance: f1_data_pipeline_taskflow_with_kafka.fetch_and_publish_constructor scheduled__2024-06-12T00:00:00+00:00 [queued]>
[2024-06-13T09:45:27.183+0000] {taskinstance.py:2076} INFO - Dependencies all met for dep_context=requeueable deps ti=<TaskInstance: f1_data_pipeline_taskflow_with_kafka.fetch_and_publish_constructor scheduled__2024-06-12T00:00:00+00:00 [queued]>
[2024-06-13T09:45:27.183+0000] {taskinstance.py:2306} INFO - Starting attempt 1 of 1
[2024-06-13T09:45:27.192+0000] {taskinstance.py:2330} INFO - Executing <Task(_PythonDecoratedOperator): fetch_and_publish_constructor> on 2024-06-12 00:00:00+00:00
[2024-06-13T09:45:27.197+0000] {warnings.py:110} WARNING - /home/***/.local/lib/python3.12/site-packages/***/task/task_runner/standard_task_runner.py:61: DeprecationWarning: This process (pid=634) is multi-threaded, use of fork() may lead to deadlocks in the child.
  pid = os.fork()

[2024-06-13T09:45:27.198+0000] {standard_task_runner.py:63} INFO - Started process 644 to run task
[2024-06-13T09:45:27.199+0000] {standard_task_runner.py:90} INFO - Running: ['***', 'tasks', 'run', 'f1_data_pipeline_taskflow_with_kafka', 'fetch_and_publish_constructor', 'scheduled__2024-06-12T00:00:00+00:00', '--job-id', '32', '--raw', '--subdir', 'DAGS_FOLDER/kafka_data_scrape.py', '--cfg-path', '/tmp/tmpz_h1obep']
[2024-06-13T09:45:27.200+0000] {standard_task_runner.py:91} INFO - Job 32: Subtask fetch_and_publish_constructor
[2024-06-13T09:45:27.242+0000] {task_command.py:426} INFO - Running <TaskInstance: f1_data_pipeline_taskflow_with_kafka.fetch_and_publish_constructor scheduled__2024-06-12T00:00:00+00:00 [running]> on host 765a3094118c
[2024-06-13T09:45:27.303+0000] {taskinstance.py:2648} INFO - Exporting env vars: AIRFLOW_CTX_DAG_OWNER='***' AIRFLOW_CTX_DAG_ID='f1_data_pipeline_taskflow_with_kafka' AIRFLOW_CTX_TASK_ID='fetch_and_publish_constructor' AIRFLOW_CTX_EXECUTION_DATE='2024-06-12T00:00:00+00:00' AIRFLOW_CTX_TRY_NUMBER='1' AIRFLOW_CTX_DAG_RUN_ID='scheduled__2024-06-12T00:00:00+00:00'
[2024-06-13T09:45:27.304+0000] {taskinstance.py:430} INFO - ::endgroup::
[2024-06-13T09:45:29.117+0000] {logging_mixin.py:188} INFO - tried to find producer
[2024-06-13T09:45:29.119+0000] {conn.py:362} INFO - <BrokerConnection node_id=bootstrap-0 host=kafka:9092 <connecting> [IPv4 ('192.168.48.6', 9092)]>: connecting to kafka:9092 [('192.168.48.6', 9092) IPv4]
[2024-06-13T09:45:29.119+0000] {conn.py:957} INFO - Probing node bootstrap-0 broker version
[2024-06-13T09:45:29.120+0000] {conn.py:393} INFO - <BrokerConnection node_id=bootstrap-0 host=kafka:9092 <connecting> [IPv4 ('192.168.48.6', 9092)]>: Connection complete.
[2024-06-13T09:45:29.223+0000] {conn.py:1019} INFO - Broker version identified as 2.6.0
[2024-06-13T09:45:29.223+0000] {conn.py:1020} INFO - Set configuration api_version=(2, 6, 0) to skip auto check_version requests on startup
[2024-06-13T09:45:29.377+0000] {conn.py:362} INFO - <BrokerConnection node_id=1 host=kafka:9092 <connecting> [IPv4 ('192.168.48.6', 9092)]>: connecting to kafka:9092 [('192.168.48.6', 9092) IPv4]
[2024-06-13T09:45:29.377+0000] {conn.py:393} INFO - <BrokerConnection node_id=1 host=kafka:9092 <connecting> [IPv4 ('192.168.48.6', 9092)]>: Connection complete.
[2024-06-13T09:45:29.378+0000] {conn.py:673} INFO - <BrokerConnection node_id=bootstrap-0 host=kafka:9092 <connected> [IPv4 ('192.168.48.6', 9092)]>: Closing connection. 
[2024-06-13T09:45:29.497+0000] {kafka.py:486} INFO - Closing the Kafka producer with 9223372036.0 secs timeout.
[2024-06-13T09:45:29.502+0000] {conn.py:673} INFO - <BrokerConnection node_id=1 host=kafka:9092 <connected> [IPv4 ('192.168.48.6', 9092)]>: Closing connection. 
[2024-06-13T09:45:29.502+0000] {python.py:237} INFO - Done. Returned value was: None
[2024-06-13T09:45:29.503+0000] {taskinstance.py:441} INFO - ::group::Post task execution logs
[2024-06-13T09:45:29.511+0000] {taskinstance.py:1206} INFO - Marking task as SUCCESS. dag_id=f1_data_pipeline_taskflow_with_kafka, task_id=fetch_and_publish_constructor, run_id=scheduled__2024-06-12T00:00:00+00:00, execution_date=20240612T000000, start_date=20240613T094527, end_date=20240613T094529
[2024-06-13T09:45:29.540+0000] {local_task_job_runner.py:240} INFO - Task exited with return code 0
[2024-06-13T09:45:29.554+0000] {taskinstance.py:3498} INFO - 1 downstream tasks scheduled from follow-on schedule check
[2024-06-13T09:45:29.556+0000] {local_task_job_runner.py:222} INFO - ::endgroup::
[2024-06-13T09:56:26.171+0000] {local_task_job_runner.py:120} INFO - ::group::Pre task execution logs
[2024-06-13T09:56:26.194+0000] {taskinstance.py:2076} INFO - Dependencies all met for dep_context=non-requeueable deps ti=<TaskInstance: f1_data_pipeline_taskflow_with_kafka.fetch_and_publish_constructor scheduled__2024-06-12T00:00:00+00:00 [queued]>
[2024-06-13T09:56:26.203+0000] {taskinstance.py:2076} INFO - Dependencies all met for dep_context=requeueable deps ti=<TaskInstance: f1_data_pipeline_taskflow_with_kafka.fetch_and_publish_constructor scheduled__2024-06-12T00:00:00+00:00 [queued]>
[2024-06-13T09:56:26.203+0000] {taskinstance.py:2306} INFO - Starting attempt 1 of 1
[2024-06-13T09:56:26.215+0000] {taskinstance.py:2330} INFO - Executing <Task(_PythonDecoratedOperator): fetch_and_publish_constructor> on 2024-06-12 00:00:00+00:00
[2024-06-13T09:56:26.222+0000] {warnings.py:110} WARNING - /home/***/.local/lib/python3.12/site-packages/***/task/task_runner/standard_task_runner.py:61: DeprecationWarning: This process (pid=588) is multi-threaded, use of fork() may lead to deadlocks in the child.
  pid = os.fork()

[2024-06-13T09:56:26.223+0000] {standard_task_runner.py:63} INFO - Started process 596 to run task
[2024-06-13T09:56:26.223+0000] {standard_task_runner.py:90} INFO - Running: ['***', 'tasks', 'run', 'f1_data_pipeline_taskflow_with_kafka', 'fetch_and_publish_constructor', 'scheduled__2024-06-12T00:00:00+00:00', '--job-id', '33', '--raw', '--subdir', 'DAGS_FOLDER/kafka_data_scrape.py', '--cfg-path', '/tmp/tmpznnhpilj']
[2024-06-13T09:56:26.225+0000] {standard_task_runner.py:91} INFO - Job 33: Subtask fetch_and_publish_constructor
[2024-06-13T09:56:26.284+0000] {task_command.py:426} INFO - Running <TaskInstance: f1_data_pipeline_taskflow_with_kafka.fetch_and_publish_constructor scheduled__2024-06-12T00:00:00+00:00 [running]> on host 611decc8aca0
[2024-06-13T09:56:26.363+0000] {taskinstance.py:2648} INFO - Exporting env vars: AIRFLOW_CTX_DAG_OWNER='***' AIRFLOW_CTX_DAG_ID='f1_data_pipeline_taskflow_with_kafka' AIRFLOW_CTX_TASK_ID='fetch_and_publish_constructor' AIRFLOW_CTX_EXECUTION_DATE='2024-06-12T00:00:00+00:00' AIRFLOW_CTX_TRY_NUMBER='1' AIRFLOW_CTX_DAG_RUN_ID='scheduled__2024-06-12T00:00:00+00:00'
[2024-06-13T09:56:26.364+0000] {taskinstance.py:430} INFO - ::endgroup::
[2024-06-13T09:56:28.280+0000] {logging_mixin.py:188} INFO - tried to find producer
[2024-06-13T09:56:28.281+0000] {conn.py:362} INFO - <BrokerConnection node_id=bootstrap-0 host=kafka:9092 <connecting> [IPv4 ('192.168.64.6', 9092)]>: connecting to kafka:9092 [('192.168.64.6', 9092) IPv4]
[2024-06-13T09:56:28.282+0000] {conn.py:957} INFO - Probing node bootstrap-0 broker version
[2024-06-13T09:56:28.282+0000] {conn.py:393} INFO - <BrokerConnection node_id=bootstrap-0 host=kafka:9092 <connecting> [IPv4 ('192.168.64.6', 9092)]>: Connection complete.
[2024-06-13T09:56:28.386+0000] {conn.py:1019} INFO - Broker version identified as 2.6.0
[2024-06-13T09:56:28.386+0000] {conn.py:1020} INFO - Set configuration api_version=(2, 6, 0) to skip auto check_version requests on startup
[2024-06-13T09:56:28.542+0000] {conn.py:362} INFO - <BrokerConnection node_id=1 host=kafka:9092 <connecting> [IPv4 ('192.168.64.6', 9092)]>: connecting to kafka:9092 [('192.168.64.6', 9092) IPv4]
[2024-06-13T09:56:28.543+0000] {conn.py:393} INFO - <BrokerConnection node_id=1 host=kafka:9092 <connecting> [IPv4 ('192.168.64.6', 9092)]>: Connection complete.
[2024-06-13T09:56:28.543+0000] {conn.py:673} INFO - <BrokerConnection node_id=bootstrap-0 host=kafka:9092 <connected> [IPv4 ('192.168.64.6', 9092)]>: Closing connection. 
[2024-06-13T09:56:29.011+0000] {kafka.py:486} INFO - Closing the Kafka producer with 9223372036.0 secs timeout.
[2024-06-13T09:56:29.105+0000] {conn.py:673} INFO - <BrokerConnection node_id=1 host=kafka:9092 <connected> [IPv4 ('192.168.64.6', 9092)]>: Closing connection. 
[2024-06-13T09:56:29.106+0000] {python.py:237} INFO - Done. Returned value was: None
[2024-06-13T09:56:29.106+0000] {taskinstance.py:441} INFO - ::group::Post task execution logs
[2024-06-13T09:56:29.115+0000] {taskinstance.py:1206} INFO - Marking task as SUCCESS. dag_id=f1_data_pipeline_taskflow_with_kafka, task_id=fetch_and_publish_constructor, run_id=scheduled__2024-06-12T00:00:00+00:00, execution_date=20240612T000000, start_date=20240613T095626, end_date=20240613T095629
[2024-06-13T09:56:29.166+0000] {local_task_job_runner.py:240} INFO - Task exited with return code 0
[2024-06-13T09:56:29.181+0000] {taskinstance.py:3498} INFO - 1 downstream tasks scheduled from follow-on schedule check
[2024-06-13T09:56:29.183+0000] {local_task_job_runner.py:222} INFO - ::endgroup::
[2024-06-13T12:23:24.282+0000] {local_task_job_runner.py:120} INFO - ::group::Pre task execution logs
[2024-06-13T12:23:24.302+0000] {taskinstance.py:2076} INFO - Dependencies all met for dep_context=non-requeueable deps ti=<TaskInstance: f1_data_pipeline_taskflow_with_kafka.fetch_and_publish_constructor scheduled__2024-06-12T00:00:00+00:00 [queued]>
[2024-06-13T12:23:24.309+0000] {taskinstance.py:2076} INFO - Dependencies all met for dep_context=requeueable deps ti=<TaskInstance: f1_data_pipeline_taskflow_with_kafka.fetch_and_publish_constructor scheduled__2024-06-12T00:00:00+00:00 [queued]>
[2024-06-13T12:23:24.309+0000] {taskinstance.py:2306} INFO - Starting attempt 1 of 1
[2024-06-13T12:23:24.317+0000] {taskinstance.py:2330} INFO - Executing <Task(_PythonDecoratedOperator): fetch_and_publish_constructor> on 2024-06-12 00:00:00+00:00
[2024-06-13T12:23:24.323+0000] {warnings.py:110} WARNING - /home/***/.local/lib/python3.12/site-packages/***/task/task_runner/standard_task_runner.py:61: DeprecationWarning: This process (pid=584) is multi-threaded, use of fork() may lead to deadlocks in the child.
  pid = os.fork()

[2024-06-13T12:23:24.324+0000] {standard_task_runner.py:63} INFO - Started process 590 to run task
[2024-06-13T12:23:24.325+0000] {standard_task_runner.py:90} INFO - Running: ['***', 'tasks', 'run', 'f1_data_pipeline_taskflow_with_kafka', 'fetch_and_publish_constructor', 'scheduled__2024-06-12T00:00:00+00:00', '--job-id', '33', '--raw', '--subdir', 'DAGS_FOLDER/kafka_data_scrape.py', '--cfg-path', '/tmp/tmpdf6ib_bn']
[2024-06-13T12:23:24.326+0000] {standard_task_runner.py:91} INFO - Job 33: Subtask fetch_and_publish_constructor
[2024-06-13T12:23:24.363+0000] {task_command.py:426} INFO - Running <TaskInstance: f1_data_pipeline_taskflow_with_kafka.fetch_and_publish_constructor scheduled__2024-06-12T00:00:00+00:00 [running]> on host 5dd2cf9078a8
[2024-06-13T12:23:24.425+0000] {taskinstance.py:2648} INFO - Exporting env vars: AIRFLOW_CTX_DAG_OWNER='***' AIRFLOW_CTX_DAG_ID='f1_data_pipeline_taskflow_with_kafka' AIRFLOW_CTX_TASK_ID='fetch_and_publish_constructor' AIRFLOW_CTX_EXECUTION_DATE='2024-06-12T00:00:00+00:00' AIRFLOW_CTX_TRY_NUMBER='1' AIRFLOW_CTX_DAG_RUN_ID='scheduled__2024-06-12T00:00:00+00:00'
[2024-06-13T12:23:24.426+0000] {taskinstance.py:430} INFO - ::endgroup::
[2024-06-13T12:24:24.783+0000] {taskinstance.py:441} INFO - ::group::Post task execution logs
[2024-06-13T12:24:24.784+0000] {taskinstance.py:2905} ERROR - Task failed with exception
Traceback (most recent call last):
  File "/home/airflow/.local/lib/python3.12/site-packages/requests/models.py", line 971, in json
    return complexjson.loads(self.text, **kwargs)
           ^^^^^^^^^^^^^^^^^^^^^^^^^^^^^^^^^^^^^^
  File "/usr/local/lib/python3.12/json/__init__.py", line 346, in loads
    return _default_decoder.decode(s)
           ^^^^^^^^^^^^^^^^^^^^^^^^^^
  File "/usr/local/lib/python3.12/json/decoder.py", line 337, in decode
    obj, end = self.raw_decode(s, idx=_w(s, 0).end())
               ^^^^^^^^^^^^^^^^^^^^^^^^^^^^^^^^^^^^^^
  File "/usr/local/lib/python3.12/json/decoder.py", line 355, in raw_decode
    raise JSONDecodeError("Expecting value", s, err.value) from None
json.decoder.JSONDecodeError: Expecting value: line 1 column 1 (char 0)

During handling of the above exception, another exception occurred:

Traceback (most recent call last):
  File "/home/airflow/.local/lib/python3.12/site-packages/airflow/models/taskinstance.py", line 465, in _execute_task
    result = _execute_callable(context=context, **execute_callable_kwargs)
             ^^^^^^^^^^^^^^^^^^^^^^^^^^^^^^^^^^^^^^^^^^^^^^^^^^^^^^^^^^^^^
  File "/home/airflow/.local/lib/python3.12/site-packages/airflow/models/taskinstance.py", line 432, in _execute_callable
    return execute_callable(context=context, **execute_callable_kwargs)
           ^^^^^^^^^^^^^^^^^^^^^^^^^^^^^^^^^^^^^^^^^^^^^^^^^^^^^^^^^^^^
  File "/home/airflow/.local/lib/python3.12/site-packages/airflow/models/baseoperator.py", line 400, in wrapper
    return func(self, *args, **kwargs)
           ^^^^^^^^^^^^^^^^^^^^^^^^^^^
  File "/home/airflow/.local/lib/python3.12/site-packages/airflow/decorators/base.py", line 265, in execute
    return_value = super().execute(context)
                   ^^^^^^^^^^^^^^^^^^^^^^^^
  File "/home/airflow/.local/lib/python3.12/site-packages/airflow/models/baseoperator.py", line 400, in wrapper
    return func(self, *args, **kwargs)
           ^^^^^^^^^^^^^^^^^^^^^^^^^^^
  File "/home/airflow/.local/lib/python3.12/site-packages/airflow/operators/python.py", line 235, in execute
    return_value = self.execute_callable()
                   ^^^^^^^^^^^^^^^^^^^^^^^
  File "/home/airflow/.local/lib/python3.12/site-packages/airflow/operators/python.py", line 252, in execute_callable
    return self.python_callable(*self.op_args, **self.op_kwargs)
           ^^^^^^^^^^^^^^^^^^^^^^^^^^^^^^^^^^^^^^^^^^^^^^^^^^^^^
  File "/opt/airflow/dags/kafka_data_scrape.py", line 112, in fetch_and_publish_constructor
    data = response.json()
           ^^^^^^^^^^^^^^^
  File "/home/airflow/.local/lib/python3.12/site-packages/requests/models.py", line 975, in json
    raise RequestsJSONDecodeError(e.msg, e.doc, e.pos)
requests.exceptions.JSONDecodeError: Expecting value: line 1 column 1 (char 0)
[2024-06-13T12:24:24.799+0000] {taskinstance.py:1206} INFO - Marking task as FAILED. dag_id=f1_data_pipeline_taskflow_with_kafka, task_id=fetch_and_publish_constructor, run_id=scheduled__2024-06-12T00:00:00+00:00, execution_date=20240612T000000, start_date=20240613T122324, end_date=20240613T122424
[2024-06-13T12:24:24.814+0000] {standard_task_runner.py:110} ERROR - Failed to execute job 33 for task fetch_and_publish_constructor (Expecting value: line 1 column 1 (char 0); 590)
[2024-06-13T12:24:24.850+0000] {local_task_job_runner.py:240} INFO - Task exited with return code 1
[2024-06-13T12:24:24.866+0000] {taskinstance.py:3498} INFO - 0 downstream tasks scheduled from follow-on schedule check
[2024-06-13T12:24:24.870+0000] {local_task_job_runner.py:222} INFO - ::endgroup::
[2024-06-13T14:20:59.900+0000] {local_task_job_runner.py:120} INFO - ::group::Pre task execution logs
[2024-06-13T14:20:59.922+0000] {taskinstance.py:2076} INFO - Dependencies all met for dep_context=non-requeueable deps ti=<TaskInstance: f1_data_pipeline_taskflow_with_kafka.fetch_and_publish_constructor scheduled__2024-06-12T00:00:00+00:00 [queued]>
[2024-06-13T14:20:59.930+0000] {taskinstance.py:2076} INFO - Dependencies all met for dep_context=requeueable deps ti=<TaskInstance: f1_data_pipeline_taskflow_with_kafka.fetch_and_publish_constructor scheduled__2024-06-12T00:00:00+00:00 [queued]>
[2024-06-13T14:20:59.930+0000] {taskinstance.py:2306} INFO - Starting attempt 1 of 1
[2024-06-13T14:20:59.939+0000] {taskinstance.py:2330} INFO - Executing <Task(_PythonDecoratedOperator): fetch_and_publish_constructor> on 2024-06-12 00:00:00+00:00
[2024-06-13T14:20:59.945+0000] {warnings.py:110} WARNING - /home/***/.local/lib/python3.12/site-packages/***/task/task_runner/standard_task_runner.py:61: DeprecationWarning: This process (pid=592) is multi-threaded, use of fork() may lead to deadlocks in the child.
  pid = os.fork()

[2024-06-13T14:20:59.946+0000] {standard_task_runner.py:63} INFO - Started process 600 to run task
[2024-06-13T14:20:59.947+0000] {standard_task_runner.py:90} INFO - Running: ['***', 'tasks', 'run', 'f1_data_pipeline_taskflow_with_kafka', 'fetch_and_publish_constructor', 'scheduled__2024-06-12T00:00:00+00:00', '--job-id', '37', '--raw', '--subdir', 'DAGS_FOLDER/kafka_data_scrape.py', '--cfg-path', '/tmp/tmpwnv_pqfl']
[2024-06-13T14:20:59.949+0000] {standard_task_runner.py:91} INFO - Job 37: Subtask fetch_and_publish_constructor
[2024-06-13T14:20:59.985+0000] {task_command.py:426} INFO - Running <TaskInstance: f1_data_pipeline_taskflow_with_kafka.fetch_and_publish_constructor scheduled__2024-06-12T00:00:00+00:00 [running]> on host 9503b7b620e4
[2024-06-13T14:21:00.050+0000] {taskinstance.py:2648} INFO - Exporting env vars: AIRFLOW_CTX_DAG_OWNER='***' AIRFLOW_CTX_DAG_ID='f1_data_pipeline_taskflow_with_kafka' AIRFLOW_CTX_TASK_ID='fetch_and_publish_constructor' AIRFLOW_CTX_EXECUTION_DATE='2024-06-12T00:00:00+00:00' AIRFLOW_CTX_TRY_NUMBER='1' AIRFLOW_CTX_DAG_RUN_ID='scheduled__2024-06-12T00:00:00+00:00'
[2024-06-13T14:21:00.051+0000] {taskinstance.py:430} INFO - ::endgroup::
[2024-06-13T14:22:00.252+0000] {taskinstance.py:441} INFO - ::group::Post task execution logs
[2024-06-13T14:22:00.252+0000] {taskinstance.py:2905} ERROR - Task failed with exception
Traceback (most recent call last):
  File "/home/airflow/.local/lib/python3.12/site-packages/requests/models.py", line 971, in json
    return complexjson.loads(self.text, **kwargs)
           ^^^^^^^^^^^^^^^^^^^^^^^^^^^^^^^^^^^^^^
  File "/usr/local/lib/python3.12/json/__init__.py", line 346, in loads
    return _default_decoder.decode(s)
           ^^^^^^^^^^^^^^^^^^^^^^^^^^
  File "/usr/local/lib/python3.12/json/decoder.py", line 337, in decode
    obj, end = self.raw_decode(s, idx=_w(s, 0).end())
               ^^^^^^^^^^^^^^^^^^^^^^^^^^^^^^^^^^^^^^
  File "/usr/local/lib/python3.12/json/decoder.py", line 355, in raw_decode
    raise JSONDecodeError("Expecting value", s, err.value) from None
json.decoder.JSONDecodeError: Expecting value: line 1 column 1 (char 0)

During handling of the above exception, another exception occurred:

Traceback (most recent call last):
  File "/home/airflow/.local/lib/python3.12/site-packages/airflow/models/taskinstance.py", line 465, in _execute_task
    result = _execute_callable(context=context, **execute_callable_kwargs)
             ^^^^^^^^^^^^^^^^^^^^^^^^^^^^^^^^^^^^^^^^^^^^^^^^^^^^^^^^^^^^^
  File "/home/airflow/.local/lib/python3.12/site-packages/airflow/models/taskinstance.py", line 432, in _execute_callable
    return execute_callable(context=context, **execute_callable_kwargs)
           ^^^^^^^^^^^^^^^^^^^^^^^^^^^^^^^^^^^^^^^^^^^^^^^^^^^^^^^^^^^^
  File "/home/airflow/.local/lib/python3.12/site-packages/airflow/models/baseoperator.py", line 400, in wrapper
    return func(self, *args, **kwargs)
           ^^^^^^^^^^^^^^^^^^^^^^^^^^^
  File "/home/airflow/.local/lib/python3.12/site-packages/airflow/decorators/base.py", line 265, in execute
    return_value = super().execute(context)
                   ^^^^^^^^^^^^^^^^^^^^^^^^
  File "/home/airflow/.local/lib/python3.12/site-packages/airflow/models/baseoperator.py", line 400, in wrapper
    return func(self, *args, **kwargs)
           ^^^^^^^^^^^^^^^^^^^^^^^^^^^
  File "/home/airflow/.local/lib/python3.12/site-packages/airflow/operators/python.py", line 235, in execute
    return_value = self.execute_callable()
                   ^^^^^^^^^^^^^^^^^^^^^^^
  File "/home/airflow/.local/lib/python3.12/site-packages/airflow/operators/python.py", line 252, in execute_callable
    return self.python_callable(*self.op_args, **self.op_kwargs)
           ^^^^^^^^^^^^^^^^^^^^^^^^^^^^^^^^^^^^^^^^^^^^^^^^^^^^^
  File "/opt/airflow/dags/kafka_data_scrape.py", line 112, in fetch_and_publish_constructor
    data = response.json()
           ^^^^^^^^^^^^^^^
  File "/home/airflow/.local/lib/python3.12/site-packages/requests/models.py", line 975, in json
    raise RequestsJSONDecodeError(e.msg, e.doc, e.pos)
requests.exceptions.JSONDecodeError: Expecting value: line 1 column 1 (char 0)
[2024-06-13T14:22:00.268+0000] {taskinstance.py:1206} INFO - Marking task as FAILED. dag_id=f1_data_pipeline_taskflow_with_kafka, task_id=fetch_and_publish_constructor, run_id=scheduled__2024-06-12T00:00:00+00:00, execution_date=20240612T000000, start_date=20240613T142059, end_date=20240613T142200
[2024-06-13T14:22:00.286+0000] {standard_task_runner.py:110} ERROR - Failed to execute job 37 for task fetch_and_publish_constructor (Expecting value: line 1 column 1 (char 0); 600)
[2024-06-13T14:22:00.301+0000] {local_task_job_runner.py:240} INFO - Task exited with return code 1
[2024-06-13T14:22:00.317+0000] {taskinstance.py:3498} INFO - 0 downstream tasks scheduled from follow-on schedule check
[2024-06-13T14:22:00.320+0000] {local_task_job_runner.py:222} INFO - ::endgroup::
