[2024-06-07T08:40:48.185+0000] {local_task_job_runner.py:120} INFO - ::group::Pre task execution logs
[2024-06-07T08:40:48.199+0000] {taskinstance.py:2076} INFO - Dependencies all met for dep_context=non-requeueable deps ti=<TaskInstance: f1_data_pipeline_taskflow_with_kafka.consume_and_load_to_postgres manual__2024-06-07T08:40:44.289788+00:00 [queued]>
[2024-06-07T08:40:48.203+0000] {taskinstance.py:2076} INFO - Dependencies all met for dep_context=requeueable deps ti=<TaskInstance: f1_data_pipeline_taskflow_with_kafka.consume_and_load_to_postgres manual__2024-06-07T08:40:44.289788+00:00 [queued]>
[2024-06-07T08:40:48.203+0000] {taskinstance.py:2306} INFO - Starting attempt 1 of 1
[2024-06-07T08:40:48.210+0000] {taskinstance.py:2330} INFO - Executing <Task(_PythonDecoratedOperator): consume_and_load_to_postgres> on 2024-06-07 08:40:44.289788+00:00
[2024-06-07T08:40:48.215+0000] {warnings.py:110} WARNING - /home/***/.local/lib/python3.12/site-packages/***/task/task_runner/standard_task_runner.py:61: DeprecationWarning: This process (pid=71) is multi-threaded, use of fork() may lead to deadlocks in the child.
  pid = os.fork()

[2024-06-07T08:40:48.216+0000] {standard_task_runner.py:63} INFO - Started process 73 to run task
[2024-06-07T08:40:48.216+0000] {standard_task_runner.py:90} INFO - Running: ['***', 'tasks', 'run', 'f1_data_pipeline_taskflow_with_kafka', 'consume_and_load_to_postgres', 'manual__2024-06-07T08:40:44.289788+00:00', '--job-id', '42', '--raw', '--subdir', 'DAGS_FOLDER/kafkaProduce.py', '--cfg-path', '/tmp/tmpdh_q6a6w']
[2024-06-07T08:40:48.218+0000] {standard_task_runner.py:91} INFO - Job 42: Subtask consume_and_load_to_postgres
[2024-06-07T08:40:48.248+0000] {task_command.py:426} INFO - Running <TaskInstance: f1_data_pipeline_taskflow_with_kafka.consume_and_load_to_postgres manual__2024-06-07T08:40:44.289788+00:00 [running]> on host 9459748fcbed
[2024-06-07T08:40:48.298+0000] {taskinstance.py:2648} INFO - Exporting env vars: AIRFLOW_CTX_DAG_OWNER='***' AIRFLOW_CTX_DAG_ID='f1_data_pipeline_taskflow_with_kafka' AIRFLOW_CTX_TASK_ID='consume_and_load_to_postgres' AIRFLOW_CTX_EXECUTION_DATE='2024-06-07T08:40:44.289788+00:00' AIRFLOW_CTX_TRY_NUMBER='1' AIRFLOW_CTX_DAG_RUN_ID='manual__2024-06-07T08:40:44.289788+00:00'
[2024-06-07T08:40:48.299+0000] {taskinstance.py:430} INFO - ::endgroup::
[2024-06-07T08:40:48.301+0000] {conn.py:362} INFO - <BrokerConnection node_id=bootstrap-0 host=kafka:9092 <connecting> [IPv4 ('172.18.0.6', 9092)]>: connecting to kafka:9092 [('172.18.0.6', 9092) IPv4]
[2024-06-07T08:40:48.301+0000] {conn.py:957} INFO - Probing node bootstrap-0 broker version
[2024-06-07T08:40:48.302+0000] {conn.py:393} INFO - <BrokerConnection node_id=bootstrap-0 host=kafka:9092 <connecting> [IPv4 ('172.18.0.6', 9092)]>: Connection complete.
[2024-06-07T08:40:48.404+0000] {conn.py:1019} INFO - Broker version identified as 2.6.0
[2024-06-07T08:40:48.404+0000] {conn.py:1020} INFO - Set configuration api_version=(2, 6, 0) to skip auto check_version requests on startup
[2024-06-07T08:40:48.405+0000] {consumer.py:122} WARNING - group_id is None: disabling auto-commit.
[2024-06-07T08:40:48.405+0000] {subscription_state.py:167} INFO - Updating subscribed topics to: ('f1_data_topic',)
[2024-06-07T08:40:48.406+0000] {crypto.py:82} WARNING - empty cryptography key - values will not be stored encrypted.
[2024-06-07T08:40:48.406+0000] {base.py:84} INFO - Using connection ID 'sourcedb_connection' for task execution.
[2024-06-07T08:40:48.409+0000] {subscription_state.py:253} INFO - Updated partition assignment: [('f1_data_topic', 0)]
[2024-06-07T08:40:48.410+0000] {conn.py:362} INFO - <BrokerConnection node_id=1 host=kafka:9092 <connecting> [IPv4 ('172.18.0.6', 9092)]>: connecting to kafka:9092 [('172.18.0.6', 9092) IPv4]
[2024-06-07T08:40:48.410+0000] {conn.py:393} INFO - <BrokerConnection node_id=1 host=kafka:9092 <connecting> [IPv4 ('172.18.0.6', 9092)]>: Connection complete.
[2024-06-07T08:40:48.410+0000] {conn.py:673} INFO - <BrokerConnection node_id=bootstrap-0 host=kafka:9092 <connected> [IPv4 ('172.18.0.6', 9092)]>: Closing connection. 
[2024-06-07T08:40:48.561+0000] {taskinstance.py:441} INFO - ::group::Post task execution logs
[2024-06-07T08:40:48.561+0000] {taskinstance.py:2905} ERROR - Task failed with exception
Traceback (most recent call last):
  File "/home/airflow/.local/lib/python3.12/site-packages/sqlalchemy/engine/base.py", line 1910, in _execute_context
    self.dialect.do_execute(
  File "/home/airflow/.local/lib/python3.12/site-packages/sqlalchemy/engine/default.py", line 736, in do_execute
    cursor.execute(statement, parameters)
psycopg2.errors.UndefinedColumn: column "driverid" does not exist
LINE 1: SELECT driverId FROM "driverDim" WHERE driverRef = 'albon'
               ^
HINT:  Perhaps you meant to reference the column "driverDim.driverId".


The above exception was the direct cause of the following exception:

Traceback (most recent call last):
  File "/home/airflow/.local/lib/python3.12/site-packages/airflow/models/taskinstance.py", line 465, in _execute_task
    result = _execute_callable(context=context, **execute_callable_kwargs)
             ^^^^^^^^^^^^^^^^^^^^^^^^^^^^^^^^^^^^^^^^^^^^^^^^^^^^^^^^^^^^^
  File "/home/airflow/.local/lib/python3.12/site-packages/airflow/models/taskinstance.py", line 432, in _execute_callable
    return execute_callable(context=context, **execute_callable_kwargs)
           ^^^^^^^^^^^^^^^^^^^^^^^^^^^^^^^^^^^^^^^^^^^^^^^^^^^^^^^^^^^^
  File "/home/airflow/.local/lib/python3.12/site-packages/airflow/models/baseoperator.py", line 400, in wrapper
    return func(self, *args, **kwargs)
           ^^^^^^^^^^^^^^^^^^^^^^^^^^^
  File "/home/airflow/.local/lib/python3.12/site-packages/airflow/decorators/base.py", line 265, in execute
    return_value = super().execute(context)
                   ^^^^^^^^^^^^^^^^^^^^^^^^
  File "/home/airflow/.local/lib/python3.12/site-packages/airflow/models/baseoperator.py", line 400, in wrapper
    return func(self, *args, **kwargs)
           ^^^^^^^^^^^^^^^^^^^^^^^^^^^
  File "/home/airflow/.local/lib/python3.12/site-packages/airflow/operators/python.py", line 235, in execute
    return_value = self.execute_callable()
                   ^^^^^^^^^^^^^^^^^^^^^^^
  File "/home/airflow/.local/lib/python3.12/site-packages/airflow/operators/python.py", line 252, in execute_callable
    return self.python_callable(*self.op_args, **self.op_kwargs)
           ^^^^^^^^^^^^^^^^^^^^^^^^^^^^^^^^^^^^^^^^^^^^^^^^^^^^^
  File "/opt/airflow/dags/kafkaProduce.py", line 82, in consume_and_load_to_postgres
    result = connection.execute(f"SELECT driverId FROM \"{table_name}\" WHERE driverRef = '{row['driverRef']}'").fetchone()
             ^^^^^^^^^^^^^^^^^^^^^^^^^^^^^^^^^^^^^^^^^^^^^^^^^^^^^^^^^^^^^^^^^^^^^^^^^^^^^^^^^^^^^^^^^^^^^^^^^^^
  File "/home/airflow/.local/lib/python3.12/site-packages/sqlalchemy/engine/base.py", line 1370, in execute
    return self._exec_driver_sql(
           ^^^^^^^^^^^^^^^^^^^^^^
  File "/home/airflow/.local/lib/python3.12/site-packages/sqlalchemy/engine/base.py", line 1674, in _exec_driver_sql
    ret = self._execute_context(
          ^^^^^^^^^^^^^^^^^^^^^^
  File "/home/airflow/.local/lib/python3.12/site-packages/sqlalchemy/engine/base.py", line 1953, in _execute_context
    self._handle_dbapi_exception(
  File "/home/airflow/.local/lib/python3.12/site-packages/sqlalchemy/engine/base.py", line 2134, in _handle_dbapi_exception
    util.raise_(
  File "/home/airflow/.local/lib/python3.12/site-packages/sqlalchemy/util/compat.py", line 211, in raise_
    raise exception
  File "/home/airflow/.local/lib/python3.12/site-packages/sqlalchemy/engine/base.py", line 1910, in _execute_context
    self.dialect.do_execute(
  File "/home/airflow/.local/lib/python3.12/site-packages/sqlalchemy/engine/default.py", line 736, in do_execute
    cursor.execute(statement, parameters)
sqlalchemy.exc.ProgrammingError: (psycopg2.errors.UndefinedColumn) column "driverid" does not exist
LINE 1: SELECT driverId FROM "driverDim" WHERE driverRef = 'albon'
               ^
HINT:  Perhaps you meant to reference the column "driverDim.driverId".

[SQL: SELECT driverId FROM "driverDim" WHERE driverRef = 'albon']
(Background on this error at: https://sqlalche.me/e/14/f405)
[2024-06-07T08:40:48.573+0000] {taskinstance.py:1206} INFO - Marking task as FAILED. dag_id=f1_data_pipeline_taskflow_with_kafka, task_id=consume_and_load_to_postgres, run_id=manual__2024-06-07T08:40:44.289788+00:00, execution_date=20240607T084044, start_date=20240607T084048, end_date=20240607T084048
[2024-06-07T08:40:48.584+0000] {standard_task_runner.py:110} ERROR - Failed to execute job 42 for task consume_and_load_to_postgres ((psycopg2.errors.UndefinedColumn) column "driverid" does not exist
LINE 1: SELECT driverId FROM "driverDim" WHERE driverRef = 'albon'
               ^
HINT:  Perhaps you meant to reference the column "driverDim.driverId".

[SQL: SELECT driverId FROM "driverDim" WHERE driverRef = 'albon']
(Background on this error at: https://sqlalche.me/e/14/f405); 73)
[2024-06-07T08:40:48.590+0000] {local_task_job_runner.py:240} INFO - Task exited with return code 1
[2024-06-07T08:40:48.601+0000] {taskinstance.py:3498} INFO - 0 downstream tasks scheduled from follow-on schedule check
[2024-06-07T08:40:48.603+0000] {local_task_job_runner.py:222} INFO - ::endgroup::
