[2024-06-04T12:39:17.938+0000] {local_task_job_runner.py:120} INFO - ::group::Pre task execution logs
[2024-06-04T12:39:17.957+0000] {taskinstance.py:2076} INFO - Dependencies all met for dep_context=non-requeueable deps ti=<TaskInstance: f1_data_pipeline_taskflow.load_data__3 manual__2024-06-04T12:38:42.333571+00:00 [queued]>
[2024-06-04T12:39:17.966+0000] {taskinstance.py:2076} INFO - Dependencies all met for dep_context=requeueable deps ti=<TaskInstance: f1_data_pipeline_taskflow.load_data__3 manual__2024-06-04T12:38:42.333571+00:00 [queued]>
[2024-06-04T12:39:17.966+0000] {taskinstance.py:2306} INFO - Starting attempt 1 of 1
[2024-06-04T12:39:17.976+0000] {taskinstance.py:2330} INFO - Executing <Task(_PythonDecoratedOperator): load_data__3> on 2024-06-04 12:38:42.333571+00:00
[2024-06-04T12:39:17.983+0000] {warnings.py:110} WARNING - /home/***/.local/lib/python3.12/site-packages/***/task/task_runner/standard_task_runner.py:61: DeprecationWarning: This process (pid=837) is multi-threaded, use of fork() may lead to deadlocks in the child.
  pid = os.fork()

[2024-06-04T12:39:17.983+0000] {standard_task_runner.py:63} INFO - Started process 912 to run task
[2024-06-04T12:39:17.984+0000] {standard_task_runner.py:90} INFO - Running: ['***', 'tasks', 'run', 'f1_data_pipeline_taskflow', 'load_data__3', 'manual__2024-06-04T12:38:42.333571+00:00', '--job-id', '42', '--raw', '--subdir', 'DAGS_FOLDER/etl_dag.py', '--cfg-path', '/tmp/tmph6l3qvdn']
[2024-06-04T12:39:17.985+0000] {standard_task_runner.py:91} INFO - Job 42: Subtask load_data__3
[2024-06-04T12:39:18.026+0000] {task_command.py:426} INFO - Running <TaskInstance: f1_data_pipeline_taskflow.load_data__3 manual__2024-06-04T12:38:42.333571+00:00 [running]> on host 7aeb235ee08d
[2024-06-04T12:39:18.169+0000] {taskinstance.py:2648} INFO - Exporting env vars: AIRFLOW_CTX_DAG_OWNER='***' AIRFLOW_CTX_DAG_ID='f1_data_pipeline_taskflow' AIRFLOW_CTX_TASK_ID='load_data__3' AIRFLOW_CTX_EXECUTION_DATE='2024-06-04T12:38:42.333571+00:00' AIRFLOW_CTX_TRY_NUMBER='1' AIRFLOW_CTX_DAG_RUN_ID='manual__2024-06-04T12:38:42.333571+00:00'
[2024-06-04T12:39:18.170+0000] {taskinstance.py:430} INFO - ::endgroup::
[2024-06-04T12:39:18.171+0000] {crypto.py:82} WARNING - empty cryptography key - values will not be stored encrypted.
[2024-06-04T12:39:18.172+0000] {base.py:84} INFO - Using connection ID 'sourcedb_connection' for task execution.
[2024-06-04T12:39:18.190+0000] {taskinstance.py:441} INFO - ::group::Post task execution logs
[2024-06-04T12:39:18.191+0000] {taskinstance.py:2905} ERROR - Task failed with exception
Traceback (most recent call last):
  File "/home/airflow/.local/lib/python3.12/site-packages/sqlalchemy/engine/base.py", line 1890, in _execute_context
    self.dialect.do_executemany(
  File "/home/airflow/.local/lib/python3.12/site-packages/sqlalchemy/dialects/postgresql/psycopg2.py", line 982, in do_executemany
    context._psycopg2_fetched_rows = xtras.execute_values(
                                     ^^^^^^^^^^^^^^^^^^^^^
  File "/home/airflow/.local/lib/python3.12/site-packages/psycopg2/extras.py", line 1299, in execute_values
    cur.execute(b''.join(parts))
psycopg2.errors.UniqueViolation: duplicate key value violates unique constraint "raceStatusDim_pkey"
DETAIL:  Key ("statusId")=(1) already exists.


The above exception was the direct cause of the following exception:

Traceback (most recent call last):
  File "/home/airflow/.local/lib/python3.12/site-packages/airflow/models/taskinstance.py", line 465, in _execute_task
    result = _execute_callable(context=context, **execute_callable_kwargs)
             ^^^^^^^^^^^^^^^^^^^^^^^^^^^^^^^^^^^^^^^^^^^^^^^^^^^^^^^^^^^^^
  File "/home/airflow/.local/lib/python3.12/site-packages/airflow/models/taskinstance.py", line 432, in _execute_callable
    return execute_callable(context=context, **execute_callable_kwargs)
           ^^^^^^^^^^^^^^^^^^^^^^^^^^^^^^^^^^^^^^^^^^^^^^^^^^^^^^^^^^^^
  File "/home/airflow/.local/lib/python3.12/site-packages/airflow/models/baseoperator.py", line 400, in wrapper
    return func(self, *args, **kwargs)
           ^^^^^^^^^^^^^^^^^^^^^^^^^^^
  File "/home/airflow/.local/lib/python3.12/site-packages/airflow/decorators/base.py", line 265, in execute
    return_value = super().execute(context)
                   ^^^^^^^^^^^^^^^^^^^^^^^^
  File "/home/airflow/.local/lib/python3.12/site-packages/airflow/models/baseoperator.py", line 400, in wrapper
    return func(self, *args, **kwargs)
           ^^^^^^^^^^^^^^^^^^^^^^^^^^^
  File "/home/airflow/.local/lib/python3.12/site-packages/airflow/operators/python.py", line 235, in execute
    return_value = self.execute_callable()
                   ^^^^^^^^^^^^^^^^^^^^^^^
  File "/home/airflow/.local/lib/python3.12/site-packages/airflow/operators/python.py", line 252, in execute_callable
    return self.python_callable(*self.op_args, **self.op_kwargs)
           ^^^^^^^^^^^^^^^^^^^^^^^^^^^^^^^^^^^^^^^^^^^^^^^^^^^^^
  File "/opt/airflow/dags/etl_dag.py", line 191, in load_data
    df.to_sql(table_name, engine, if_exists='append', index=False)
  File "/home/airflow/.local/lib/python3.12/site-packages/pandas/util/_decorators.py", line 333, in wrapper
    return func(*args, **kwargs)
           ^^^^^^^^^^^^^^^^^^^^^
  File "/home/airflow/.local/lib/python3.12/site-packages/pandas/core/generic.py", line 3008, in to_sql
    return sql.to_sql(
           ^^^^^^^^^^^
  File "/home/airflow/.local/lib/python3.12/site-packages/pandas/io/sql.py", line 788, in to_sql
    return pandas_sql.to_sql(
           ^^^^^^^^^^^^^^^^^^
  File "/home/airflow/.local/lib/python3.12/site-packages/pandas/io/sql.py", line 1958, in to_sql
    total_inserted = sql_engine.insert_records(
                     ^^^^^^^^^^^^^^^^^^^^^^^^^^
  File "/home/airflow/.local/lib/python3.12/site-packages/pandas/io/sql.py", line 1507, in insert_records
    raise err
  File "/home/airflow/.local/lib/python3.12/site-packages/pandas/io/sql.py", line 1498, in insert_records
    return table.insert(chunksize=chunksize, method=method)
           ^^^^^^^^^^^^^^^^^^^^^^^^^^^^^^^^^^^^^^^^^^^^^^^^
  File "/home/airflow/.local/lib/python3.12/site-packages/pandas/io/sql.py", line 1059, in insert
    num_inserted = exec_insert(conn, keys, chunk_iter)
                   ^^^^^^^^^^^^^^^^^^^^^^^^^^^^^^^^^^^
  File "/home/airflow/.local/lib/python3.12/site-packages/pandas/io/sql.py", line 951, in _execute_insert
    result = conn.execute(self.table.insert(), data)
             ^^^^^^^^^^^^^^^^^^^^^^^^^^^^^^^^^^^^^^^
  File "/home/airflow/.local/lib/python3.12/site-packages/sqlalchemy/engine/base.py", line 1385, in execute
    return meth(self, multiparams, params, _EMPTY_EXECUTION_OPTS)
           ^^^^^^^^^^^^^^^^^^^^^^^^^^^^^^^^^^^^^^^^^^^^^^^^^^^^^^
  File "/home/airflow/.local/lib/python3.12/site-packages/sqlalchemy/sql/elements.py", line 334, in _execute_on_connection
    return connection._execute_clauseelement(
           ^^^^^^^^^^^^^^^^^^^^^^^^^^^^^^^^^^
  File "/home/airflow/.local/lib/python3.12/site-packages/sqlalchemy/engine/base.py", line 1577, in _execute_clauseelement
    ret = self._execute_context(
          ^^^^^^^^^^^^^^^^^^^^^^
  File "/home/airflow/.local/lib/python3.12/site-packages/sqlalchemy/engine/base.py", line 1953, in _execute_context
    self._handle_dbapi_exception(
  File "/home/airflow/.local/lib/python3.12/site-packages/sqlalchemy/engine/base.py", line 2134, in _handle_dbapi_exception
    util.raise_(
  File "/home/airflow/.local/lib/python3.12/site-packages/sqlalchemy/util/compat.py", line 211, in raise_
    raise exception
  File "/home/airflow/.local/lib/python3.12/site-packages/sqlalchemy/engine/base.py", line 1890, in _execute_context
    self.dialect.do_executemany(
  File "/home/airflow/.local/lib/python3.12/site-packages/sqlalchemy/dialects/postgresql/psycopg2.py", line 982, in do_executemany
    context._psycopg2_fetched_rows = xtras.execute_values(
                                     ^^^^^^^^^^^^^^^^^^^^^
  File "/home/airflow/.local/lib/python3.12/site-packages/psycopg2/extras.py", line 1299, in execute_values
    cur.execute(b''.join(parts))
sqlalchemy.exc.IntegrityError: (psycopg2.errors.UniqueViolation) duplicate key value violates unique constraint "raceStatusDim_pkey"
DETAIL:  Key ("statusId")=(1) already exists.

[SQL: INSERT INTO "raceStatusDim" ("statusId", status) VALUES (%(statusId)s, %(status)s)]
[parameters: ({'statusId': 1, 'status': 'Finished'}, {'statusId': 43, 'status': 'Exhaust'}, {'statusId': 4, 'status': 'Collision'}, {'statusId': 11, 'status': '+1 Lap'}, {'statusId': 29, 'status': 'Puncture'}, {'statusId': 32, 'status': 'Fuel pressure'}, {'statusId': 6, 'status': 'Gearbox'}, {'statusId': 54, 'status': 'Withdrew'}  ... displaying 10 of 65 total bound parameter sets ...  {'statusId': 139, 'status': 'Illness'}, {'statusId': 14, 'status': '+4 Laps'})]
(Background on this error at: https://sqlalche.me/e/14/gkpj)
[2024-06-04T12:39:18.231+0000] {taskinstance.py:1206} INFO - Marking task as FAILED. dag_id=f1_data_pipeline_taskflow, task_id=load_data__3, run_id=manual__2024-06-04T12:38:42.333571+00:00, execution_date=20240604T123842, start_date=20240604T123917, end_date=20240604T123918
[2024-06-04T12:39:18.319+0000] {standard_task_runner.py:110} ERROR - Failed to execute job 42 for task load_data__3 ((psycopg2.errors.UniqueViolation) duplicate key value violates unique constraint "raceStatusDim_pkey"
DETAIL:  Key ("statusId")=(1) already exists.

[SQL: INSERT INTO "raceStatusDim" ("statusId", status) VALUES (%(statusId)s, %(status)s)]
[parameters: ({'statusId': 1, 'status': 'Finished'}, {'statusId': 43, 'status': 'Exhaust'}, {'statusId': 4, 'status': 'Collision'}, {'statusId': 11, 'status': '+1 Lap'}, {'statusId': 29, 'status': 'Puncture'}, {'statusId': 32, 'status': 'Fuel pressure'}, {'statusId': 6, 'status': 'Gearbox'}, {'statusId': 54, 'status': 'Withdrew'}  ... displaying 10 of 65 total bound parameter sets ...  {'statusId': 139, 'status': 'Illness'}, {'statusId': 14, 'status': '+4 Laps'})]
(Background on this error at: https://sqlalche.me/e/14/gkpj); 912)
[2024-06-04T12:39:18.358+0000] {local_task_job_runner.py:240} INFO - Task exited with return code 1
[2024-06-04T12:39:18.422+0000] {taskinstance.py:3498} INFO - 0 downstream tasks scheduled from follow-on schedule check
[2024-06-04T12:39:18.429+0000] {local_task_job_runner.py:222} INFO - ::endgroup::
