[2024-06-04T12:39:19.342+0000] {local_task_job_runner.py:120} INFO - ::group::Pre task execution logs
[2024-06-04T12:39:19.356+0000] {taskinstance.py:2076} INFO - Dependencies all met for dep_context=non-requeueable deps ti=<TaskInstance: f1_data_pipeline_taskflow.load_data__1 manual__2024-06-04T12:38:42.333571+00:00 [queued]>
[2024-06-04T12:39:19.361+0000] {taskinstance.py:2076} INFO - Dependencies all met for dep_context=requeueable deps ti=<TaskInstance: f1_data_pipeline_taskflow.load_data__1 manual__2024-06-04T12:38:42.333571+00:00 [queued]>
[2024-06-04T12:39:19.361+0000] {taskinstance.py:2306} INFO - Starting attempt 1 of 1
[2024-06-04T12:39:19.369+0000] {taskinstance.py:2330} INFO - Executing <Task(_PythonDecoratedOperator): load_data__1> on 2024-06-04 12:38:42.333571+00:00
[2024-06-04T12:39:19.375+0000] {warnings.py:110} WARNING - /home/***/.local/lib/python3.12/site-packages/***/task/task_runner/standard_task_runner.py:61: DeprecationWarning: This process (pid=985) is multi-threaded, use of fork() may lead to deadlocks in the child.
  pid = os.fork()

[2024-06-04T12:39:19.376+0000] {standard_task_runner.py:63} INFO - Started process 989 to run task
[2024-06-04T12:39:19.376+0000] {standard_task_runner.py:90} INFO - Running: ['***', 'tasks', 'run', 'f1_data_pipeline_taskflow', 'load_data__1', 'manual__2024-06-04T12:38:42.333571+00:00', '--job-id', '44', '--raw', '--subdir', 'DAGS_FOLDER/etl_dag.py', '--cfg-path', '/tmp/tmphcqtx897']
[2024-06-04T12:39:19.377+0000] {standard_task_runner.py:91} INFO - Job 44: Subtask load_data__1
[2024-06-04T12:39:19.406+0000] {task_command.py:426} INFO - Running <TaskInstance: f1_data_pipeline_taskflow.load_data__1 manual__2024-06-04T12:38:42.333571+00:00 [running]> on host 7aeb235ee08d
[2024-06-04T12:39:19.511+0000] {taskinstance.py:2648} INFO - Exporting env vars: AIRFLOW_CTX_DAG_OWNER='***' AIRFLOW_CTX_DAG_ID='f1_data_pipeline_taskflow' AIRFLOW_CTX_TASK_ID='load_data__1' AIRFLOW_CTX_EXECUTION_DATE='2024-06-04T12:38:42.333571+00:00' AIRFLOW_CTX_TRY_NUMBER='1' AIRFLOW_CTX_DAG_RUN_ID='manual__2024-06-04T12:38:42.333571+00:00'
[2024-06-04T12:39:19.512+0000] {taskinstance.py:430} INFO - ::endgroup::
[2024-06-04T12:39:19.513+0000] {crypto.py:82} WARNING - empty cryptography key - values will not be stored encrypted.
[2024-06-04T12:39:19.514+0000] {base.py:84} INFO - Using connection ID 'sourcedb_connection' for task execution.
[2024-06-04T12:39:19.527+0000] {taskinstance.py:441} INFO - ::group::Post task execution logs
[2024-06-04T12:39:19.528+0000] {taskinstance.py:2905} ERROR - Task failed with exception
Traceback (most recent call last):
  File "/home/airflow/.local/lib/python3.12/site-packages/sqlalchemy/engine/base.py", line 1890, in _execute_context
    self.dialect.do_executemany(
  File "/home/airflow/.local/lib/python3.12/site-packages/sqlalchemy/dialects/postgresql/psycopg2.py", line 982, in do_executemany
    context._psycopg2_fetched_rows = xtras.execute_values(
                                     ^^^^^^^^^^^^^^^^^^^^^
  File "/home/airflow/.local/lib/python3.12/site-packages/psycopg2/extras.py", line 1299, in execute_values
    cur.execute(b''.join(parts))
psycopg2.errors.UniqueViolation: duplicate key value violates unique constraint "driverDim_pkey"
DETAIL:  Key ("driverId")=(18) already exists.


The above exception was the direct cause of the following exception:

Traceback (most recent call last):
  File "/home/airflow/.local/lib/python3.12/site-packages/airflow/models/taskinstance.py", line 465, in _execute_task
    result = _execute_callable(context=context, **execute_callable_kwargs)
             ^^^^^^^^^^^^^^^^^^^^^^^^^^^^^^^^^^^^^^^^^^^^^^^^^^^^^^^^^^^^^
  File "/home/airflow/.local/lib/python3.12/site-packages/airflow/models/taskinstance.py", line 432, in _execute_callable
    return execute_callable(context=context, **execute_callable_kwargs)
           ^^^^^^^^^^^^^^^^^^^^^^^^^^^^^^^^^^^^^^^^^^^^^^^^^^^^^^^^^^^^
  File "/home/airflow/.local/lib/python3.12/site-packages/airflow/models/baseoperator.py", line 400, in wrapper
    return func(self, *args, **kwargs)
           ^^^^^^^^^^^^^^^^^^^^^^^^^^^
  File "/home/airflow/.local/lib/python3.12/site-packages/airflow/decorators/base.py", line 265, in execute
    return_value = super().execute(context)
                   ^^^^^^^^^^^^^^^^^^^^^^^^
  File "/home/airflow/.local/lib/python3.12/site-packages/airflow/models/baseoperator.py", line 400, in wrapper
    return func(self, *args, **kwargs)
           ^^^^^^^^^^^^^^^^^^^^^^^^^^^
  File "/home/airflow/.local/lib/python3.12/site-packages/airflow/operators/python.py", line 235, in execute
    return_value = self.execute_callable()
                   ^^^^^^^^^^^^^^^^^^^^^^^
  File "/home/airflow/.local/lib/python3.12/site-packages/airflow/operators/python.py", line 252, in execute_callable
    return self.python_callable(*self.op_args, **self.op_kwargs)
           ^^^^^^^^^^^^^^^^^^^^^^^^^^^^^^^^^^^^^^^^^^^^^^^^^^^^^
  File "/opt/airflow/dags/etl_dag.py", line 191, in load_data
    df.to_sql(table_name, engine, if_exists='append', index=False)
  File "/home/airflow/.local/lib/python3.12/site-packages/pandas/util/_decorators.py", line 333, in wrapper
    return func(*args, **kwargs)
           ^^^^^^^^^^^^^^^^^^^^^
  File "/home/airflow/.local/lib/python3.12/site-packages/pandas/core/generic.py", line 3008, in to_sql
    return sql.to_sql(
           ^^^^^^^^^^^
  File "/home/airflow/.local/lib/python3.12/site-packages/pandas/io/sql.py", line 788, in to_sql
    return pandas_sql.to_sql(
           ^^^^^^^^^^^^^^^^^^
  File "/home/airflow/.local/lib/python3.12/site-packages/pandas/io/sql.py", line 1958, in to_sql
    total_inserted = sql_engine.insert_records(
                     ^^^^^^^^^^^^^^^^^^^^^^^^^^
  File "/home/airflow/.local/lib/python3.12/site-packages/pandas/io/sql.py", line 1507, in insert_records
    raise err
  File "/home/airflow/.local/lib/python3.12/site-packages/pandas/io/sql.py", line 1498, in insert_records
    return table.insert(chunksize=chunksize, method=method)
           ^^^^^^^^^^^^^^^^^^^^^^^^^^^^^^^^^^^^^^^^^^^^^^^^
  File "/home/airflow/.local/lib/python3.12/site-packages/pandas/io/sql.py", line 1059, in insert
    num_inserted = exec_insert(conn, keys, chunk_iter)
                   ^^^^^^^^^^^^^^^^^^^^^^^^^^^^^^^^^^^
  File "/home/airflow/.local/lib/python3.12/site-packages/pandas/io/sql.py", line 951, in _execute_insert
    result = conn.execute(self.table.insert(), data)
             ^^^^^^^^^^^^^^^^^^^^^^^^^^^^^^^^^^^^^^^
  File "/home/airflow/.local/lib/python3.12/site-packages/sqlalchemy/engine/base.py", line 1385, in execute
    return meth(self, multiparams, params, _EMPTY_EXECUTION_OPTS)
           ^^^^^^^^^^^^^^^^^^^^^^^^^^^^^^^^^^^^^^^^^^^^^^^^^^^^^^
  File "/home/airflow/.local/lib/python3.12/site-packages/sqlalchemy/sql/elements.py", line 334, in _execute_on_connection
    return connection._execute_clauseelement(
           ^^^^^^^^^^^^^^^^^^^^^^^^^^^^^^^^^^
  File "/home/airflow/.local/lib/python3.12/site-packages/sqlalchemy/engine/base.py", line 1577, in _execute_clauseelement
    ret = self._execute_context(
          ^^^^^^^^^^^^^^^^^^^^^^
  File "/home/airflow/.local/lib/python3.12/site-packages/sqlalchemy/engine/base.py", line 1953, in _execute_context
    self._handle_dbapi_exception(
  File "/home/airflow/.local/lib/python3.12/site-packages/sqlalchemy/engine/base.py", line 2134, in _handle_dbapi_exception
    util.raise_(
  File "/home/airflow/.local/lib/python3.12/site-packages/sqlalchemy/util/compat.py", line 211, in raise_
    raise exception
  File "/home/airflow/.local/lib/python3.12/site-packages/sqlalchemy/engine/base.py", line 1890, in _execute_context
    self.dialect.do_executemany(
  File "/home/airflow/.local/lib/python3.12/site-packages/sqlalchemy/dialects/postgresql/psycopg2.py", line 982, in do_executemany
    context._psycopg2_fetched_rows = xtras.execute_values(
                                     ^^^^^^^^^^^^^^^^^^^^^
  File "/home/airflow/.local/lib/python3.12/site-packages/psycopg2/extras.py", line 1299, in execute_values
    cur.execute(b''.join(parts))
sqlalchemy.exc.IntegrityError: (psycopg2.errors.UniqueViolation) duplicate key value violates unique constraint "driverDim_pkey"
DETAIL:  Key ("driverId")=(18) already exists.

[SQL: INSERT INTO "driverDim" ("driverId", "driverRef", forename, surname, dob, nationality, code, number, url) VALUES (%(driverId)s, %(driverRef)s, %(forename)s, %(surname)s, %(dob)s, %(nationality)s, %(code)s, %(number)s, %(url)s)]
[parameters: ({'driverId': 18, 'driverRef': 'button', 'forename': 'Jenson', 'surname': 'Button', 'dob': datetime.date(1980, 1, 19), 'nationality': 'British', 'code': 'BUT', 'number': 3, 'url': 'http://en.wikipedia.org/wiki/Jenson_Button'}, {'driverId': 1, 'driverRef': 'hamilton', 'forename': 'Lewis', 'surname': 'Hamilton', 'dob': datetime.date(1985, 1, 7), 'nationality': 'British', 'code': 'HAM', 'number': 4, 'url': 'http://en.wikipedia.org/wiki/Lewis_Hamilton'}, {'driverId': 815, 'driverRef': 'perez', 'forename': 'Sergio', 'surname': 'Pérez', 'dob': datetime.date(1990, 1, 26), 'nationality': 'Mexican', 'code': 'PER', 'number': 6, 'url': 'http://en.wikipedia.org/wiki/Sergio_P%C3%A9rez'}, {'driverId': 825, 'driverRef': 'kevin_magnussen', 'forename': 'Kevin', 'surname': 'Magnussen', 'dob': datetime.date(1992, 10, 5), 'nationality': 'Danish', 'code': 'MAG', 'number': 20, 'url': 'http://en.wikipedia.org/wiki/Kevin_Magnussen'}, {'driverId': 4, 'driverRef': 'alonso', 'forename': 'Fernando', 'surname': 'Alonso', 'dob': datetime.date(1981, 7, 29), 'nationality': 'Spanish', 'code': 'ALO', 'number': 14, 'url': 'http://en.wikipedia.org/wiki/Fernando_Alonso'}, {'driverId': 838, 'driverRef': 'vandoorne', 'forename': 'Stoffel', 'surname': 'Vandoorne', 'dob': datetime.date(1992, 3, 26), 'nationality': 'Belgian', 'code': 'VAN', 'number': 2, 'url': 'http://en.wikipedia.org/wiki/Stoffel_Vandoorne'}, {'driverId': 817, 'driverRef': 'ricciardo', 'forename': 'Daniel', 'surname': 'Ricciardo', 'dob': datetime.date(1989, 7, 1), 'nationality': 'Australian', 'code': 'RIC', 'number': 3, 'url': 'http://en.wikipedia.org/wiki/Daniel_Ricciardo'}, {'driverId': 846, 'driverRef': 'norris', 'forename': 'Lando', 'surname': 'Norris', 'dob': datetime.date(1999, 11, 13), 'nationality': 'British', 'code': 'NOR', 'number': 4, 'url': 'http://en.wikipedia.org/wiki/Lando_Norris'}  ... displaying 10 of 65 total bound parameter sets ...  {'driverId': 833, 'driverRef': 'merhi', 'forename': 'Roberto', 'surname': 'Merhi', 'dob': datetime.date(1991, 3, 22), 'nationality': 'Spanish', 'code': 'MER', 'number': 98, 'url': 'http://en.wikipedia.org/wiki/Roberto_Merhi'}, {'driverId': 837, 'driverRef': 'haryanto', 'forename': 'Rio', 'surname': 'Haryanto', 'dob': datetime.date(1993, 1, 22), 'nationality': 'Indonesian', 'code': 'HAR', 'number': 88, 'url': 'http://en.wikipedia.org/wiki/Rio_Haryanto'})]
(Background on this error at: https://sqlalche.me/e/14/gkpj)
[2024-06-04T12:39:19.539+0000] {taskinstance.py:1206} INFO - Marking task as FAILED. dag_id=f1_data_pipeline_taskflow, task_id=load_data__1, run_id=manual__2024-06-04T12:38:42.333571+00:00, execution_date=20240604T123842, start_date=20240604T123919, end_date=20240604T123919
[2024-06-04T12:39:19.547+0000] {standard_task_runner.py:110} ERROR - Failed to execute job 44 for task load_data__1 ((psycopg2.errors.UniqueViolation) duplicate key value violates unique constraint "driverDim_pkey"
DETAIL:  Key ("driverId")=(18) already exists.

[SQL: INSERT INTO "driverDim" ("driverId", "driverRef", forename, surname, dob, nationality, code, number, url) VALUES (%(driverId)s, %(driverRef)s, %(forename)s, %(surname)s, %(dob)s, %(nationality)s, %(code)s, %(number)s, %(url)s)]
[parameters: ({'driverId': 18, 'driverRef': 'button', 'forename': 'Jenson', 'surname': 'Button', 'dob': datetime.date(1980, 1, 19), 'nationality': 'British', 'code': 'BUT', 'number': 3, 'url': 'http://en.wikipedia.org/wiki/Jenson_Button'}, {'driverId': 1, 'driverRef': 'hamilton', 'forename': 'Lewis', 'surname': 'Hamilton', 'dob': datetime.date(1985, 1, 7), 'nationality': 'British', 'code': 'HAM', 'number': 4, 'url': 'http://en.wikipedia.org/wiki/Lewis_Hamilton'}, {'driverId': 815, 'driverRef': 'perez', 'forename': 'Sergio', 'surname': 'Pérez', 'dob': datetime.date(1990, 1, 26), 'nationality': 'Mexican', 'code': 'PER', 'number': 6, 'url': 'http://en.wikipedia.org/wiki/Sergio_P%C3%A9rez'}, {'driverId': 825, 'driverRef': 'kevin_magnussen', 'forename': 'Kevin', 'surname': 'Magnussen', 'dob': datetime.date(1992, 10, 5), 'nationality': 'Danish', 'code': 'MAG', 'number': 20, 'url': 'http://en.wikipedia.org/wiki/Kevin_Magnussen'}, {'driverId': 4, 'driverRef': 'alonso', 'forename': 'Fernando', 'surname': 'Alonso', 'dob': datetime.date(1981, 7, 29), 'nationality': 'Spanish', 'code': 'ALO', 'number': 14, 'url': 'http://en.wikipedia.org/wiki/Fernando_Alonso'}, {'driverId': 838, 'driverRef': 'vandoorne', 'forename': 'Stoffel', 'surname': 'Vandoorne', 'dob': datetime.date(1992, 3, 26), 'nationality': 'Belgian', 'code': 'VAN', 'number': 2, 'url': 'http://en.wikipedia.org/wiki/Stoffel_Vandoorne'}, {'driverId': 817, 'driverRef': 'ricciardo', 'forename': 'Daniel', 'surname': 'Ricciardo', 'dob': datetime.date(1989, 7, 1), 'nationality': 'Australian', 'code': 'RIC', 'number': 3, 'url': 'http://en.wikipedia.org/wiki/Daniel_Ricciardo'}, {'driverId': 846, 'driverRef': 'norris', 'forename': 'Lando', 'surname': 'Norris', 'dob': datetime.date(1999, 11, 13), 'nationality': 'British', 'code': 'NOR', 'number': 4, 'url': 'http://en.wikipedia.org/wiki/Lando_Norris'}  ... displaying 10 of 65 total bound parameter sets ...  {'driverId': 833, 'driverRef': 'merhi', 'forename': 'Roberto', 'surname': 'Merhi', 'dob': datetime.date(1991, 3, 22), 'nationality': 'Spanish', 'code': 'MER', 'number': 98, 'url': 'http://en.wikipedia.org/wiki/Roberto_Merhi'}, {'driverId': 837, 'driverRef': 'haryanto', 'forename': 'Rio', 'surname': 'Haryanto', 'dob': datetime.date(1993, 1, 22), 'nationality': 'Indonesian', 'code': 'HAR', 'number': 88, 'url': 'http://en.wikipedia.org/wiki/Rio_Haryanto'})]
(Background on this error at: https://sqlalche.me/e/14/gkpj); 989)
[2024-06-04T12:39:19.589+0000] {local_task_job_runner.py:240} INFO - Task exited with return code 1
[2024-06-04T12:39:19.606+0000] {taskinstance.py:3498} INFO - 0 downstream tasks scheduled from follow-on schedule check
[2024-06-04T12:39:19.609+0000] {local_task_job_runner.py:222} INFO - ::endgroup::
